<?xml version="1.0" encoding="UTF-8"?>
<testsuites name="HYP_AR" time="24.989" tests="1" failures="0" errors="0">
   <testsuite name="HYP_AR" tests="1" failures="0" errors="0" time="24.989" skipped="0" timestamp="2023-04-13 15:00:37" hostname="feliz.pongo - NOT-TIS-CON22.TISTECH.LAN" id="Test Suites/Hyper_Electico/HYP_AR">
      <properties>
         <property name="deviceName" value=""/>
         <property name="devicePlatform" value=""/>
         <property name="logFolder" value="C:\\Users\\feliz.pongo\\git\\NEWPROJECT\\Reports\\20230413_150031\\Hyper_Electico\\HYP_AR\\20230413_150031"/>
         <property name="logFiles" value="C:\\Users\\feliz.pongo\\git\\NEWPROJECT\\Reports\\20230413_150031\\Hyper_Electico\\HYP_AR\\20230413_150031\\execution0.log"/>
         <property name="attachments" value=""/>
         <property name="hostName" value="feliz.pongo - NOT-TIS-CON22.TISTECH.LAN"/>
         <property name="os" value="Windows 10 64bit"/>
         <property name="katalonVersion" value="8.6.0.208"/>
         <property name="browser" value="Chrome 111.0.0.0"/>
         <property name="hostAddress" value="192.168.1.2"/>
         <property name="sessionId" value="48dabbbbec56d320a71a1bc30f21bc25"/>
         <property name="seleniumVersion" value="3.141.59"/>
         <property name="proxyInformation" value="ProxyInformation { proxyOption=NO_PROXY, proxyServerType=HTTP, username=, password=********, proxyServerAddress=, proxyServerPort=0, executionList=&quot;&quot;, isApplyToDesiredCapabilities=true }"/>
         <property name="platform" value="Windows 10"/>
      </properties>
      <testcase name="Test Cases/HYE/HYPER" time="24.443" classname="Test Cases/HYE/HYPER" status="PASSED">
         <system-out><![CDATA[2023-04-13 15:00:37 - [TEST_CASE][PASSED] - Test Cases/HYE/HYPER: Test Cases/HYE/HYPER

2023-04-13 15:00:38 - [TEST_STEP][PASSED] - openBrowser("https://hiper.ao/"): Browser is opened with url: 'https://hiper.ao/'

2023-04-13 15:00:39 - [MESSAGE][INFO] - Starting 'Chrome' driver

2023-04-13 15:00:39 - [MESSAGE][INFO] - Action delay is set to 0 milliseconds

2023-04-13 15:00:58 - [MESSAGE][PASSED] - Browser is opened with url: 'https://hiper.ao/'

2023-04-13 15:00:58 - [TEST_STEP][PASSED] - maximizeWindow(): Current window maximized

2023-04-13 15:00:58 - [MESSAGE][PASSED] - Current window maximized

2023-04-13 15:00:58 - [TEST_STEP][PASSED] - click(findTestObject("Object Repository/HYPER ELE/a_Ar Condicionados")): Object: 'Object Repository/HYPER ELE/a_Ar Condicionados' is clicked on

2023-04-13 15:01:02 - [MESSAGE][PASSED] - Object: 'Object Repository/HYPER ELE/a_Ar Condicionados' is clicked on]]></system-out>
         <system-err><![CDATA[]]></system-err>
      </testcase>
      <system-out><![CDATA[2023-04-13 15:00:37 - [TEST_SUITE][PASSED] - HYP_AR: Test Cases/HYE/HYPER]]></system-out>
      <system-err><![CDATA[]]></system-err>
   </testsuite>
</testsuites>
