<?xml version="1.0" encoding="UTF-8"?>
<testsuites name="Suite_Patrimonio" time="37.121" tests="2" failures="0" errors="0">
   <testsuite name="Suite_Patrimonio" tests="2" failures="0" errors="0" time="37.121" skipped="0" timestamp="2023-04-09 12:17:23" hostname="feliz.pongo - NOT-TIS-CON22.TISTECH.LAN" id="Test Suites/Suite_Patrimonio">
      <properties>
         <property name="deviceName" value=""/>
         <property name="devicePlatform" value=""/>
         <property name="logFolder" value="C:\\Users\\feliz.pongo\\git\\NEWPROJECT\\Reports\\20230409_121718\\Suite_Patrimonio\\20230409_121718"/>
         <property name="logFiles" value="C:\\Users\\feliz.pongo\\git\\NEWPROJECT\\Reports\\20230409_121718\\Suite_Patrimonio\\20230409_121718\\execution0.log"/>
         <property name="attachments" value=""/>
         <property name="hostName" value="feliz.pongo - NOT-TIS-CON22.TISTECH.LAN"/>
         <property name="os" value="Windows 10 64bit"/>
         <property name="katalonVersion" value="8.6.0.208"/>
         <property name="browser" value="Chrome 111.0.0.0"/>
         <property name="hostAddress" value="192.168.1.5"/>
         <property name="sessionId" value="42ccc1be9d39f391760030d4b94d3422"/>
         <property name="seleniumVersion" value="3.141.59"/>
         <property name="proxyInformation" value="ProxyInformation { proxyOption=NO_PROXY, proxyServerType=HTTP, username=, password=********, proxyServerAddress=, proxyServerPort=0, executionList=&quot;&quot;, isApplyToDesiredCapabilities=true }"/>
         <property name="platform" value="Windows 10"/>
      </properties>
      <testcase name="Test Cases/Loginfont TC/Log" time="14.145" classname="Test Cases/Loginfont TC/Log" status="PASSED">
         <system-out><![CDATA[2023-04-09 12:17:24 - [TEST_CASE][PASSED] - Test Cases/Loginfont TC/Log: Test Cases/Loginfont TC/Log

2023-04-09 12:17:25 - [TEST_STEP][PASSED] - openBrowser("http://10.129.105.196:7003/frontoffice/login"): Browser is opened with url: 'http://10.129.105.196:7003/frontoffice/login'

2023-04-09 12:17:25 - [MESSAGE][INFO] - Starting 'Chrome' driver

2023-04-09 12:17:25 - [MESSAGE][INFO] - Action delay is set to 0 milliseconds

2023-04-09 12:17:30 - [MESSAGE][PASSED] - Browser is opened with url: 'http://10.129.105.196:7003/frontoffice/login'

2023-04-09 12:17:30 - [TEST_STEP][PASSED] - sendKeys(findTestObject("Object Repository/Login/ID_utilizador"), "Patrimonio2RF"): Keys 'Patrimonio2RF' sent to object: 'Object Repository/Login/ID_utilizador'

2023-04-09 12:17:31 - [MESSAGE][PASSED] - Keys 'Patrimonio2RF' sent to object: 'Object Repository/Login/ID_utilizador'

2023-04-09 12:17:31 - [TEST_STEP][PASSED] - sendKeys(findTestObject("Object Repository/Login/input_Password_j_password"), "PAT2ref"): Keys 'PAT2ref' sent to object: 'Object Repository/Login/input_Password_j_password'

2023-04-09 12:17:31 - [MESSAGE][PASSED] - Keys 'PAT2ref' sent to object: 'Object Repository/Login/input_Password_j_password'

2023-04-09 12:17:31 - [TEST_STEP][PASSED] - click(findTestObject("Object Repository/Login/Iniciar_Sesso")): Object: 'Object Repository/Login/Iniciar_Sesso' is clicked on

2023-04-09 12:17:38 - [MESSAGE][PASSED] - Object: 'Object Repository/Login/Iniciar_Sesso' is clicked on]]></system-out>
         <system-err><![CDATA[]]></system-err>
      </testcase>
      <testcase name="Test Cases/Processo_Imovel TC/Submiss達o de Imovel" time="22.452" classname="Test Cases/Processo_Imovel TC/Submiss達o de Imovel" status="PASSED">
         <system-out><![CDATA[2023-04-09 12:17:38 - [TEST_CASE][PASSED] - Test Cases/Processo_Imovel TC/Submiss達o de Imovel: Test Cases/Processo_Imovel TC/Submiss達o de Imovel

2023-04-09 12:17:39 - [TEST_STEP][PASSED] - click(findTestObject("Object Repository/Processo_Sub_Imovel/span_Patrimnio")): Object: 'Object Repository/Processo_Sub_Imovel/span_Patrimnio' is clicked on

2023-04-09 12:17:40 - [MESSAGE][PASSED] - Object: 'Object Repository/Processo_Sub_Imovel/span_Patrimnio' is clicked on

2023-04-09 12:17:40 - [TEST_STEP][PASSED] - click(findTestObject("Object Repository/Processo_Sub_Imovel/span_Cadastro")): Object: 'Object Repository/Processo_Sub_Imovel/span_Cadastro' is clicked on

2023-04-09 12:17:41 - [MESSAGE][PASSED] - Object: 'Object Repository/Processo_Sub_Imovel/span_Cadastro' is clicked on

2023-04-09 12:17:41 - [TEST_STEP][PASSED] - click(findTestObject("Object Repository/Processo_Sub_Imovel/span_Prdio")): Object: 'Object Repository/Processo_Sub_Imovel/span_Prdio' is clicked on

2023-04-09 12:17:42 - [MESSAGE][PASSED] - Object: 'Object Repository/Processo_Sub_Imovel/span_Prdio' is clicked on

2023-04-09 12:17:42 - [TEST_STEP][PASSED] - click(findTestObject("Object Repository/Processo_Sub_Imovel/span_Urbano")): Object: 'Object Repository/Processo_Sub_Imovel/span_Urbano' is clicked on

2023-04-09 12:17:43 - [MESSAGE][PASSED] - Object: 'Object Repository/Processo_Sub_Imovel/span_Urbano' is clicked on

2023-04-09 12:17:43 - [TEST_STEP][PASSED] - click(findTestObject("Object Repository/Processo_Sub_Imovel/span_Propriedade Total")): Object: 'Object Repository/Processo_Sub_Imovel/span_Propriedade Total' is clicked on

2023-04-09 12:17:48 - [MESSAGE][PASSED] - Object: 'Object Repository/Processo_Sub_Imovel/span_Propriedade Total' is clicked on

2023-04-09 12:17:48 - [TEST_STEP][PASSED] - click(findTestObject("Object Repository/Processo_Sub_Imovel/div_REGIME JURDICO")): Object: 'Object Repository/Processo_Sub_Imovel/div_REGIME JURDICO' is clicked on

2023-04-09 12:17:48 - [MESSAGE][PASSED] - Object: 'Object Repository/Processo_Sub_Imovel/div_REGIME JURDICO' is clicked on

2023-04-09 12:17:48 - [TEST_STEP][PASSED] - click(findTestObject("Object Repository/Processo_Sub_Imovel/div_IDENTIFICAO DO DECLARANTE")): Object: 'Object Repository/Processo_Sub_Imovel/div_IDENTIFICAO DO DECLARANTE' is clicked on

2023-04-09 12:17:49 - [MESSAGE][PASSED] - Object: 'Object Repository/Processo_Sub_Imovel/div_IDENTIFICAO DO DECLARANTE' is clicked on

2023-04-09 12:17:49 - [TEST_STEP][PASSED] - click(findTestObject("Object Repository/Processo_Sub_Imovel/btn_loopa_Declarante")): Object: 'Object Repository/Processo_Sub_Imovel/btn_loopa_Declarante' is clicked on

2023-04-09 12:17:50 - [MESSAGE][PASSED] - Object: 'Object Repository/Processo_Sub_Imovel/btn_loopa_Declarante' is clicked on

2023-04-09 12:17:50 - [TEST_STEP][PASSED] - sendKeys(findTestObject("Object Repository/Processo_Sub_Imovel/input_Nome do Contribuinte_frmSearchNIFBranchedialogSearchNIF-nameInput"), "MARCOS"): Keys 'MARCOS' sent to object: 'Object Repository/Processo_Sub_Imovel/input_Nome do Contribuinte_frmSearchNIFBranchedialogSearchNIF-nameInput'

2023-04-09 12:17:51 - [MESSAGE][PASSED] - Keys 'MARCOS' sent to object: 'Object Repository/Processo_Sub_Imovel/input_Nome do Contribuinte_frmSearchNIFBranchedialogSearchNIF-nameInput'

2023-04-09 12:17:51 - [TEST_STEP][PASSED] - click(findTestObject("Object Repository/Processo_Sub_Imovel/span_Pesquisar")): Object: 'Object Repository/Processo_Sub_Imovel/span_Pesquisar' is clicked on

2023-04-09 12:17:52 - [MESSAGE][PASSED] - Object: 'Object Repository/Processo_Sub_Imovel/span_Pesquisar' is clicked on

2023-04-09 12:17:52 - [TEST_STEP][PASSED] - click(findTestObject("Object Repository/Processo_Sub_Imovel/td_ADHEMAR MARCOS")): Object: 'Object Repository/Processo_Sub_Imovel/td_ADHEMAR MARCOS' is clicked on

2023-04-09 12:17:55 - [MESSAGE][PASSED] - Object: 'Object Repository/Processo_Sub_Imovel/td_ADHEMAR MARCOS' is clicked on

2023-04-09 12:17:55 - [TEST_STEP][PASSED] - click(findTestObject("Object Repository/Processo_Sub_Imovel/na_qualidade_de")): Object: 'Object Repository/Processo_Sub_Imovel/na_qualidade_de' is clicked on

2023-04-09 12:17:56 - [MESSAGE][PASSED] - Object: 'Object Repository/Processo_Sub_Imovel/na_qualidade_de' is clicked on

2023-04-09 12:17:56 - [TEST_STEP][PASSED] - click(findTestObject("Object Repository/Processo_Sub_Imovel/li_Tcnico de Impostos")): Object: 'Object Repository/Processo_Sub_Imovel/li_Tcnico de Impostos' is clicked on

2023-04-09 12:17:57 - [MESSAGE][PASSED] - Object: 'Object Repository/Processo_Sub_Imovel/li_Tcnico de Impostos' is clicked on

2023-04-09 12:17:57 - [TEST_STEP][PASSED] - click(findTestObject("Object Repository/Processo_Sub_Imovel/div_IDENTIFICAO DO IMVEL")): Object: 'Object Repository/Processo_Sub_Imovel/div_IDENTIFICAO DO IMVEL' is clicked on

2023-04-09 12:17:58 - [MESSAGE][PASSED] - Object: 'Object Repository/Processo_Sub_Imovel/div_IDENTIFICAO DO IMVEL' is clicked on

2023-04-09 12:17:58 - [TEST_STEP][PASSED] - sendKeys(findTestObject("Object Repository/Processo_Sub_Imovel/input_Nome da Propriedade_frmPatrimonytvSuporteaccPrincipalpropertyName"), "TESTE"): Keys 'TESTE' sent to object: 'Object Repository/Processo_Sub_Imovel/input_Nome da Propriedade_frmPatrimonytvSuporteaccPrincipalpropertyName'

2023-04-09 12:17:59 - [MESSAGE][PASSED] - Keys 'TESTE' sent to object: 'Object Repository/Processo_Sub_Imovel/input_Nome da Propriedade_frmPatrimonytvSuporteaccPrincipalpropertyName'

2023-04-09 12:17:59 - [TEST_STEP][PASSED] - click(findTestObject("Object Repository/Processo_Sub_Imovel/deletar_Valor Declarado (Kz)_frmPatrimonytvSuporteaccPrincipaldeclaredValue_input")): Object: 'Object Repository/Processo_Sub_Imovel/deletar_Valor Declarado (Kz)_frmPatrimonytvSuporteaccPrincipaldeclaredValue_input' is clicked on

2023-04-09 12:18:00 - [MESSAGE][PASSED] - Object: 'Object Repository/Processo_Sub_Imovel/deletar_Valor Declarado (Kz)_frmPatrimonytvSuporteaccPrincipaldeclaredValue_input' is clicked on

2023-04-09 12:18:00 - [TEST_STEP][PASSED] - sendKeys(findTestObject("Object Repository/Processo_Sub_Imovel/Valor Declarado (Kz)_frmPatrimonytvSuporteaccPrincipaldeclaredValue_input"), "Keys.chord(Keys.BACK_SPACE"): Keys 'Keys.chord(Keys.BACK_SPACE' sent to object: 'Object Repository/Processo_Sub_Imovel/Valor Declarado (Kz)_frmPatrimonytvSuporteaccPrincipaldeclaredValue_input'

2023-04-09 12:18:01 - [MESSAGE][PASSED] - Keys 'Keys.chord(Keys.BACK_SPACE' sent to object: 'Object Repository/Processo_Sub_Imovel/Valor Declarado (Kz)_frmPatrimonytvSuporteaccPrincipaldeclaredValue_input']]></system-out>
         <system-err><![CDATA[]]></system-err>
      </testcase>
      <system-out><![CDATA[2023-04-09 12:17:23 - [TEST_SUITE][PASSED] - Suite_Patrimonio: Test Cases/Processo_Imovel TC/Submiss達o de Imovel]]></system-out>
      <system-err><![CDATA[]]></system-err>
   </testsuite>
</testsuites>
