<?xml version="1.0" encoding="UTF-8"?>
<testsuites name="Suite_Patrimonio" time="59.812" tests="2" failures="0" errors="0">
   <testsuite name="Suite_Patrimonio" tests="2" failures="0" errors="0" time="59.812" skipped="0" timestamp="2023-04-06 16:42:36" hostname="feliz.pongo - NOT-TIS-CON22.TISTECH.LAN" id="Test Suites/Suite_Patrimonio">
      <properties>
         <property name="deviceName" value=""/>
         <property name="devicePlatform" value=""/>
         <property name="logFolder" value="C:\\Users\\feliz.pongo\\git\\NEWPROJECT\\Reports\\20230406_164234\\Suite_Patrimonio\\20230406_164234"/>
         <property name="logFiles" value="C:\\Users\\feliz.pongo\\git\\NEWPROJECT\\Reports\\20230406_164234\\Suite_Patrimonio\\20230406_164234\\execution0.log"/>
         <property name="attachments" value=""/>
         <property name="hostName" value="feliz.pongo - NOT-TIS-CON22.TISTECH.LAN"/>
         <property name="os" value="Windows 10 64bit"/>
         <property name="katalonVersion" value="8.6.0.208"/>
         <property name="browser" value="Chrome 111.0.0.0"/>
         <property name="hostAddress" value="10.246.0.136"/>
         <property name="sessionId" value="2c47b2dd39fed849ad421291a570bb25"/>
         <property name="seleniumVersion" value="3.141.59"/>
         <property name="proxyInformation" value="ProxyInformation { proxyOption=NO_PROXY, proxyServerType=HTTP, username=, password=********, proxyServerAddress=, proxyServerPort=0, executionList=&quot;&quot;, isApplyToDesiredCapabilities=true }"/>
         <property name="platform" value="Windows 10"/>
      </properties>
      <testcase name="Test Cases/Loginfont TC/Log" time="46.464" classname="Test Cases/Loginfont TC/Log" status="PASSED">
         <system-out><![CDATA[2023-04-06 16:42:37 - [TEST_CASE][PASSED] - Test Cases/Loginfont TC/Log: Test Cases/Loginfont TC/Log

2023-04-06 16:42:37 - [TEST_STEP][PASSED] - openBrowser("http://10.129.105.196:7003/frontoffice/login"): Browser is opened with url: 'http://10.129.105.196:7003/frontoffice/login'

2023-04-06 16:42:37 - [MESSAGE][INFO] - Starting 'Chrome' driver

2023-04-06 16:42:37 - [MESSAGE][INFO] - Action delay is set to 0 milliseconds

2023-04-06 16:43:16 - [MESSAGE][PASSED] - Browser is opened with url: 'http://10.129.105.196:7003/frontoffice/login'

2023-04-06 16:43:16 - [TEST_STEP][PASSED] - sendKeys(findTestObject("Object Repository/Login/ID_utilizador"), "Patrimonio2RF"): Keys 'Patrimonio2RF' sent to object: 'Object Repository/Login/ID_utilizador'

2023-04-06 16:43:17 - [MESSAGE][INFO] - Unable to find the element located by 'By.xpath: //input[@id='j_username']'. Please recheck the objects properties to make sure the desired element is located. 

2023-04-06 16:43:17 - [MESSAGE][WARNING] - [SELF-HEALING] Failed to find element with id 'Object Repository/Login/ID_utilizador'. Try using Self-healing.

2023-04-06 16:43:17 - [MESSAGE][INFO] - [SELF-HEALING] Failed Locator: '//input[@id='j_username']'.

2023-04-06 16:43:17 - [MESSAGE][INFO] - [SELF-HEALING] Failed Locator: '//section[@id='content']/div/main/form/div/div/input'.

2023-04-06 16:43:17 - [MESSAGE][INFO] - [SELF-HEALING] Failed Locator: '//input'.

2023-04-06 16:43:17 - [MESSAGE][INFO] - [SELF-HEALING] Failed Locator: '//input[@id = 'j_username' and @name = 'j_username' and @type = 'text' and @placeholder = 'ID Utilizador']'.

2023-04-06 16:43:17 - [MESSAGE][INFO] - [SELF-HEALING] Failed Locator: '//input[@id='j_username']'.

2023-04-06 16:43:17 - [MESSAGE][INFO] - [SELF-HEALING] Failed Locator: '//section[@id='content']/div/main/form/div/div/input'.

2023-04-06 16:43:17 - [MESSAGE][INFO] - [SELF-HEALING] Failed Locator: '//input'.

2023-04-06 16:43:17 - [MESSAGE][INFO] - [SELF-HEALING] Failed Locator: '//input[@id = 'j_username' and @name = 'j_username' and @type = 'text' and @placeholder = 'ID Utilizador']'.

2023-04-06 16:43:17 - [MESSAGE][INFO] - [SELF-HEALING] Failed Locator: '//input[@id='j_username']'.

2023-04-06 16:43:17 - [MESSAGE][INFO] - [SELF-HEALING] Failed Locator: '//section[@id='content']/div/main/form/div/div/input'.

2023-04-06 16:43:17 - [MESSAGE][INFO] - [SELF-HEALING] Failed Locator: '//input'.

2023-04-06 16:43:17 - [MESSAGE][INFO] - [SELF-HEALING] Failed Locator: '//input[@id = 'j_username' and @name = 'j_username' and @type = 'text' and @placeholder = 'ID Utilizador']'.

2023-04-06 16:43:17 - [MESSAGE][INFO] - [SELF-HEALING] Failed Locator: '//input[@id='j_username']'.

2023-04-06 16:43:17 - [MESSAGE][INFO] - [SELF-HEALING] Failed Locator: '//section[@id='content']/div/main/form/div/div/input'.

2023-04-06 16:43:17 - [MESSAGE][INFO] - [SELF-HEALING] Failed Locator: '//input'.

2023-04-06 16:43:17 - [MESSAGE][INFO] - [SELF-HEALING] Failed Locator: '//input[@id = 'j_username' and @name = 'j_username' and @type = 'text' and @placeholder = 'ID Utilizador']'.

2023-04-06 16:43:17 - [MESSAGE][INFO] - [SELF-HEALING] Failed Locator: '//input[@id='j_username']'.

2023-04-06 16:43:17 - [MESSAGE][INFO] - [SELF-HEALING] Failed Locator: '//section[@id='content']/div/main/form/div/div/input'.

2023-04-06 16:43:17 - [MESSAGE][INFO] - [SELF-HEALING] Failed Locator: '//input'.

2023-04-06 16:43:17 - [MESSAGE][INFO] - [SELF-HEALING] Failed Locator: '//input[@id = 'j_username' and @name = 'j_username' and @type = 'text' and @placeholder = 'ID Utilizador']'.

2023-04-06 16:43:17 - [MESSAGE][INFO] - [SELF-HEALING] Failed Locator: '//input[@id='j_username']'.

2023-04-06 16:43:17 - [MESSAGE][INFO] - [SELF-HEALING] Failed Locator: '//section[@id='content']/div/main/form/div/div/input'.

2023-04-06 16:43:17 - [MESSAGE][INFO] - [SELF-HEALING] Failed Locator: '//input'.

2023-04-06 16:43:17 - [MESSAGE][INFO] - [SELF-HEALING] Failed Locator: '//input[@id = 'j_username' and @name = 'j_username' and @type = 'text' and @placeholder = 'ID Utilizador']'.

2023-04-06 16:43:17 - [MESSAGE][INFO] - [SELF-HEALING] Failed Locator: '//input[@id='j_username']'.

2023-04-06 16:43:18 - [MESSAGE][INFO] - [SELF-HEALING] Failed Locator: '//section[@id='content']/div/main/form/div/div/input'.

2023-04-06 16:43:18 - [MESSAGE][INFO] - [SELF-HEALING] Failed Locator: '//input'.

2023-04-06 16:43:18 - [MESSAGE][INFO] - [SELF-HEALING] Failed Locator: '//input[@id = 'j_username' and @name = 'j_username' and @type = 'text' and @placeholder = 'ID Utilizador']'.

2023-04-06 16:43:18 - [MESSAGE][INFO] - [SELF-HEALING] Failed Locator: '//input[@id='j_username']'.

2023-04-06 16:43:18 - [MESSAGE][INFO] - [SELF-HEALING] Failed Locator: '//section[@id='content']/div/main/form/div/div/input'.

2023-04-06 16:43:18 - [MESSAGE][INFO] - [SELF-HEALING] Failed Locator: '//input'.

2023-04-06 16:43:18 - [MESSAGE][INFO] - [SELF-HEALING] Failed Locator: '//input[@id = 'j_username' and @name = 'j_username' and @type = 'text' and @placeholder = 'ID Utilizador']'.

2023-04-06 16:43:19 - [MESSAGE][INFO] - [SELF-HEALING] Screenshot: C:/Users/feliz.pongo/git/NEWPROJECT/Reports/Self-healing/Object Repository/Login/ID_utilizador_BASIC.png

2023-04-06 16:43:19 - [MESSAGE][WARNING] - [SELF-HEALING] The current locator of test object 'Object Repository/Login/ID_utilizador' was broken. Propose an alternative one: '//*[@id = 'j_username' and @name = 'j_username' and @type = 'text' and @placeholder = 'ID Utilizador']'.

2023-04-06 16:43:19 - [MESSAGE][PASSED] - Keys 'Patrimonio2RF' sent to object: 'Object Repository/Login/ID_utilizador'

2023-04-06 16:43:19 - [TEST_STEP][PASSED] - sendKeys(findTestObject("Object Repository/Login/input_Password_j_password"), "PAT2ref"): Keys 'PAT2ref' sent to object: 'Object Repository/Login/input_Password_j_password'

2023-04-06 16:43:20 - [MESSAGE][PASSED] - Keys 'PAT2ref' sent to object: 'Object Repository/Login/input_Password_j_password'

2023-04-06 16:43:20 - [TEST_STEP][PASSED] - click(findTestObject("Object Repository/Login/Iniciar_Sesso")): Object: 'Object Repository/Login/Iniciar_Sesso' is clicked on

2023-04-06 16:43:23 - [MESSAGE][PASSED] - Object: 'Object Repository/Login/Iniciar_Sesso' is clicked on]]></system-out>
         <system-err><![CDATA[]]></system-err>
      </testcase>
      <testcase name="Test Cases/Processo_Imovel TC/Submiss達o de Imovel" time="13.155" classname="Test Cases/Processo_Imovel TC/Submiss達o de Imovel" status="PASSED">
         <system-out><![CDATA[2023-04-06 16:43:23 - [TEST_CASE][PASSED] - Test Cases/Processo_Imovel TC/Submiss達o de Imovel: Test Cases/Processo_Imovel TC/Submiss達o de Imovel

2023-04-06 16:43:23 - [TEST_STEP][PASSED] - click(findTestObject("Object Repository/Processo_Sub_Imovel/span_Patrimnio")): Object: 'Object Repository/Processo_Sub_Imovel/span_Patrimnio' is clicked on

2023-04-06 16:43:24 - [MESSAGE][PASSED] - Object: 'Object Repository/Processo_Sub_Imovel/span_Patrimnio' is clicked on

2023-04-06 16:43:24 - [TEST_STEP][PASSED] - click(findTestObject("Object Repository/Processo_Sub_Imovel/span_Cadastro")): Object: 'Object Repository/Processo_Sub_Imovel/span_Cadastro' is clicked on

2023-04-06 16:43:25 - [MESSAGE][PASSED] - Object: 'Object Repository/Processo_Sub_Imovel/span_Cadastro' is clicked on

2023-04-06 16:43:25 - [TEST_STEP][PASSED] - click(findTestObject("Object Repository/Processo_Sub_Imovel/span_Prdio")): Object: 'Object Repository/Processo_Sub_Imovel/span_Prdio' is clicked on

2023-04-06 16:43:26 - [MESSAGE][PASSED] - Object: 'Object Repository/Processo_Sub_Imovel/span_Prdio' is clicked on

2023-04-06 16:43:26 - [TEST_STEP][PASSED] - click(findTestObject("Object Repository/Processo_Sub_Imovel/span_Urbano")): Object: 'Object Repository/Processo_Sub_Imovel/span_Urbano' is clicked on

2023-04-06 16:43:27 - [MESSAGE][PASSED] - Object: 'Object Repository/Processo_Sub_Imovel/span_Urbano' is clicked on

2023-04-06 16:43:27 - [TEST_STEP][PASSED] - click(findTestObject("Object Repository/Processo_Sub_Imovel/span_Propriedade Total")): Object: 'Object Repository/Processo_Sub_Imovel/span_Propriedade Total' is clicked on

2023-04-06 16:43:30 - [MESSAGE][PASSED] - Object: 'Object Repository/Processo_Sub_Imovel/span_Propriedade Total' is clicked on

2023-04-06 16:43:30 - [TEST_STEP][PASSED] - click(findTestObject("Object Repository/Processo_Sub_Imovel/div_REGIME JURDICO")): Object: 'Object Repository/Processo_Sub_Imovel/div_REGIME JURDICO' is clicked on

2023-04-06 16:43:31 - [MESSAGE][PASSED] - Object: 'Object Repository/Processo_Sub_Imovel/div_REGIME JURDICO' is clicked on

2023-04-06 16:43:31 - [TEST_STEP][PASSED] - click(findTestObject("Object Repository/Processo_Sub_Imovel/div_IDENTIFICAO DO DECLARANTE")): Object: 'Object Repository/Processo_Sub_Imovel/div_IDENTIFICAO DO DECLARANTE' is clicked on

2023-04-06 16:43:31 - [MESSAGE][PASSED] - Object: 'Object Repository/Processo_Sub_Imovel/div_IDENTIFICAO DO DECLARANTE' is clicked on

2023-04-06 16:43:31 - [TEST_STEP][PASSED] - click(findTestObject("Object Repository/Processo_Sub_Imovel/btn_loopa_Declarante")): Object: 'Object Repository/Processo_Sub_Imovel/btn_loopa_Declarante' is clicked on

2023-04-06 16:43:32 - [MESSAGE][PASSED] - Object: 'Object Repository/Processo_Sub_Imovel/btn_loopa_Declarante' is clicked on

2023-04-06 16:43:32 - [TEST_STEP][PASSED] - sendKeys(findTestObject("Object Repository/Processo_Sub_Imovel/input_Nome do Contribuinte_frmSearchNIFBranchedialogSearchNIF-nameInput"), "MARCO"): Keys 'MARCO' sent to object: 'Object Repository/Processo_Sub_Imovel/input_Nome do Contribuinte_frmSearchNIFBranchedialogSearchNIF-nameInput'

2023-04-06 16:43:33 - [MESSAGE][PASSED] - Keys 'MARCO' sent to object: 'Object Repository/Processo_Sub_Imovel/input_Nome do Contribuinte_frmSearchNIFBranchedialogSearchNIF-nameInput'

2023-04-06 16:43:33 - [TEST_STEP][PASSED] - click(findTestObject("Object Repository/Processo_Sub_Imovel/span_Pesquisar")): Object: 'Object Repository/Processo_Sub_Imovel/span_Pesquisar' is clicked on

2023-04-06 16:43:33 - [MESSAGE][PASSED] - Object: 'Object Repository/Processo_Sub_Imovel/span_Pesquisar' is clicked on

2023-04-06 16:43:33 - [TEST_STEP][PASSED] - click(findTestObject("Object Repository/Processo_Sub_Imovel/span_Pesquisar")): Object: 'Object Repository/Processo_Sub_Imovel/span_Pesquisar' is clicked on

2023-04-06 16:43:36 - [MESSAGE][PASSED] - Object: 'Object Repository/Processo_Sub_Imovel/span_Pesquisar' is clicked on]]></system-out>
         <system-err><![CDATA[]]></system-err>
      </testcase>
      <system-out><![CDATA[2023-04-06 16:42:36 - [TEST_SUITE][PASSED] - Suite_Patrimonio: Test Cases/Processo_Imovel TC/Submiss達o de Imovel]]></system-out>
      <system-err><![CDATA[]]></system-err>
   </testsuite>
</testsuites>
