<?xml version="1.0" encoding="UTF-8"?>
<testsuites name="Suite_Patrimonio" time="41.296" tests="2" failures="0" errors="0">
   <testsuite name="Suite_Patrimonio" tests="2" failures="0" errors="0" time="41.296" skipped="0" timestamp="2023-04-08 13:53:13" hostname="feliz.pongo - NOT-TIS-CON22.TISTECH.LAN" id="Test Suites/Suite_Patrimonio">
      <properties>
         <property name="deviceName" value=""/>
         <property name="devicePlatform" value=""/>
         <property name="logFolder" value="C:\\Users\\feliz.pongo\\git\\NEWPROJECT\\Reports\\20230408_135305\\Suite_Patrimonio\\20230408_135305"/>
         <property name="logFiles" value="C:\\Users\\feliz.pongo\\git\\NEWPROJECT\\Reports\\20230408_135305\\Suite_Patrimonio\\20230408_135305\\execution0.log"/>
         <property name="attachments" value=""/>
         <property name="hostName" value="feliz.pongo - NOT-TIS-CON22.TISTECH.LAN"/>
         <property name="os" value="Windows 10 64bit"/>
         <property name="katalonVersion" value="8.6.0.208"/>
         <property name="browser" value="Chrome 111.0.0.0"/>
         <property name="hostAddress" value="192.168.1.5"/>
         <property name="sessionId" value="9a87cdf2f3c1bdb8ab9ad026aa10e03c"/>
         <property name="seleniumVersion" value="3.141.59"/>
         <property name="proxyInformation" value="ProxyInformation { proxyOption=NO_PROXY, proxyServerType=HTTP, username=, password=********, proxyServerAddress=, proxyServerPort=0, executionList=&quot;&quot;, isApplyToDesiredCapabilities=true }"/>
         <property name="platform" value="Windows 10"/>
      </properties>
      <testcase name="Test Cases/Loginfont TC/Log" time="13.945" classname="Test Cases/Loginfont TC/Log" status="PASSED">
         <system-out><![CDATA[2023-04-08 13:53:14 - [TEST_CASE][PASSED] - Test Cases/Loginfont TC/Log: Test Cases/Loginfont TC/Log

2023-04-08 13:53:14 - [TEST_STEP][PASSED] - openBrowser("http://10.129.105.196:7003/frontoffice/login"): Browser is opened with url: 'http://10.129.105.196:7003/frontoffice/login'

2023-04-08 13:53:15 - [MESSAGE][INFO] - Starting 'Chrome' driver

2023-04-08 13:53:15 - [MESSAGE][INFO] - Action delay is set to 0 milliseconds

2023-04-08 13:53:20 - [MESSAGE][PASSED] - Browser is opened with url: 'http://10.129.105.196:7003/frontoffice/login'

2023-04-08 13:53:20 - [TEST_STEP][PASSED] - sendKeys(findTestObject("Object Repository/Login/ID_utilizador"), "Patrimonio2RF"): Keys 'Patrimonio2RF' sent to object: 'Object Repository/Login/ID_utilizador'

2023-04-08 13:53:20 - [MESSAGE][PASSED] - Keys 'Patrimonio2RF' sent to object: 'Object Repository/Login/ID_utilizador'

2023-04-08 13:53:20 - [TEST_STEP][PASSED] - sendKeys(findTestObject("Object Repository/Login/input_Password_j_password"), "PAT2ref"): Keys 'PAT2ref' sent to object: 'Object Repository/Login/input_Password_j_password'

2023-04-08 13:53:21 - [MESSAGE][PASSED] - Keys 'PAT2ref' sent to object: 'Object Repository/Login/input_Password_j_password'

2023-04-08 13:53:21 - [TEST_STEP][PASSED] - click(findTestObject("Object Repository/Login/Iniciar_Sesso")): Object: 'Object Repository/Login/Iniciar_Sesso' is clicked on

2023-04-08 13:53:28 - [MESSAGE][PASSED] - Object: 'Object Repository/Login/Iniciar_Sesso' is clicked on]]></system-out>
         <system-err><![CDATA[]]></system-err>
      </testcase>
      <testcase name="Test Cases/Processo_Imovel TC/Submiss達o de Imovel" time="26.819" classname="Test Cases/Processo_Imovel TC/Submiss達o de Imovel" status="PASSED">
         <system-out><![CDATA[2023-04-08 13:53:28 - [TEST_CASE][PASSED] - Test Cases/Processo_Imovel TC/Submiss達o de Imovel: Test Cases/Processo_Imovel TC/Submiss達o de Imovel

2023-04-08 13:53:29 - [TEST_STEP][PASSED] - click(findTestObject("Object Repository/Processo_Sub_Imovel/span_Patrimnio")): Object: 'Object Repository/Processo_Sub_Imovel/span_Patrimnio' is clicked on

2023-04-08 13:53:29 - [MESSAGE][PASSED] - Object: 'Object Repository/Processo_Sub_Imovel/span_Patrimnio' is clicked on

2023-04-08 13:53:29 - [TEST_STEP][PASSED] - click(findTestObject("Object Repository/Processo_Sub_Imovel/span_Cadastro")): Object: 'Object Repository/Processo_Sub_Imovel/span_Cadastro' is clicked on

2023-04-08 13:53:30 - [MESSAGE][PASSED] - Object: 'Object Repository/Processo_Sub_Imovel/span_Cadastro' is clicked on

2023-04-08 13:53:30 - [TEST_STEP][PASSED] - click(findTestObject("Object Repository/Processo_Sub_Imovel/span_Prdio")): Object: 'Object Repository/Processo_Sub_Imovel/span_Prdio' is clicked on

2023-04-08 13:53:31 - [MESSAGE][PASSED] - Object: 'Object Repository/Processo_Sub_Imovel/span_Prdio' is clicked on

2023-04-08 13:53:31 - [TEST_STEP][PASSED] - click(findTestObject("Object Repository/Processo_Sub_Imovel/span_Urbano")): Object: 'Object Repository/Processo_Sub_Imovel/span_Urbano' is clicked on

2023-04-08 13:53:32 - [MESSAGE][PASSED] - Object: 'Object Repository/Processo_Sub_Imovel/span_Urbano' is clicked on

2023-04-08 13:53:32 - [TEST_STEP][PASSED] - click(findTestObject("Object Repository/Processo_Sub_Imovel/span_Propriedade Total")): Object: 'Object Repository/Processo_Sub_Imovel/span_Propriedade Total' is clicked on

2023-04-08 13:53:40 - [MESSAGE][PASSED] - Object: 'Object Repository/Processo_Sub_Imovel/span_Propriedade Total' is clicked on

2023-04-08 13:53:40 - [TEST_STEP][PASSED] - click(findTestObject("Object Repository/Processo_Sub_Imovel/div_REGIME JURDICO")): Object: 'Object Repository/Processo_Sub_Imovel/div_REGIME JURDICO' is clicked on

2023-04-08 13:53:41 - [MESSAGE][PASSED] - Object: 'Object Repository/Processo_Sub_Imovel/div_REGIME JURDICO' is clicked on

2023-04-08 13:53:41 - [TEST_STEP][PASSED] - click(findTestObject("Object Repository/Processo_Sub_Imovel/div_IDENTIFICAO DO DECLARANTE")): Object: 'Object Repository/Processo_Sub_Imovel/div_IDENTIFICAO DO DECLARANTE' is clicked on

2023-04-08 13:53:41 - [MESSAGE][PASSED] - Object: 'Object Repository/Processo_Sub_Imovel/div_IDENTIFICAO DO DECLARANTE' is clicked on

2023-04-08 13:53:41 - [TEST_STEP][PASSED] - click(findTestObject("Object Repository/Processo_Sub_Imovel/btn_loopa_Declarante")): Object: 'Object Repository/Processo_Sub_Imovel/btn_loopa_Declarante' is clicked on

2023-04-08 13:53:42 - [MESSAGE][PASSED] - Object: 'Object Repository/Processo_Sub_Imovel/btn_loopa_Declarante' is clicked on

2023-04-08 13:53:42 - [TEST_STEP][PASSED] - sendKeys(findTestObject("Object Repository/Processo_Sub_Imovel/input_Nome do Contribuinte_frmSearchNIFBranchedialogSearchNIF-nameInput"), "MARCOS"): Keys 'MARCOS' sent to object: 'Object Repository/Processo_Sub_Imovel/input_Nome do Contribuinte_frmSearchNIFBranchedialogSearchNIF-nameInput'

2023-04-08 13:53:43 - [MESSAGE][PASSED] - Keys 'MARCOS' sent to object: 'Object Repository/Processo_Sub_Imovel/input_Nome do Contribuinte_frmSearchNIFBranchedialogSearchNIF-nameInput'

2023-04-08 13:53:43 - [TEST_STEP][PASSED] - click(findTestObject("Object Repository/Processo_Sub_Imovel/span_Pesquisar")): Object: 'Object Repository/Processo_Sub_Imovel/span_Pesquisar' is clicked on

2023-04-08 13:53:44 - [MESSAGE][PASSED] - Object: 'Object Repository/Processo_Sub_Imovel/span_Pesquisar' is clicked on

2023-04-08 13:53:44 - [TEST_STEP][PASSED] - click(findTestObject("Object Repository/Processo_Sub_Imovel/td_ADHEMAR MARCOS")): Object: 'Object Repository/Processo_Sub_Imovel/td_ADHEMAR MARCOS' is clicked on

2023-04-08 13:53:47 - [MESSAGE][PASSED] - Object: 'Object Repository/Processo_Sub_Imovel/td_ADHEMAR MARCOS' is clicked on

2023-04-08 13:53:47 - [TEST_STEP][PASSED] - click(findTestObject("Object Repository/Processo_Sub_Imovel/na_qualidade_de")): Object: 'Object Repository/Processo_Sub_Imovel/na_qualidade_de' is clicked on

2023-04-08 13:53:50 - [MESSAGE][PASSED] - Object: 'Object Repository/Processo_Sub_Imovel/na_qualidade_de' is clicked on

2023-04-08 13:53:50 - [TEST_STEP][PASSED] - click(findTestObject("Object Repository/Processo_Sub_Imovel/li_Tcnico de Impostos")): Object: 'Object Repository/Processo_Sub_Imovel/li_Tcnico de Impostos' is clicked on

2023-04-08 13:53:51 - [MESSAGE][PASSED] - Object: 'Object Repository/Processo_Sub_Imovel/li_Tcnico de Impostos' is clicked on

2023-04-08 13:53:51 - [TEST_STEP][PASSED] - click(findTestObject("Object Repository/Processo_Sub_Imovel/div_IDENTIFICAO DO IMVEL")): Object: 'Object Repository/Processo_Sub_Imovel/div_IDENTIFICAO DO IMVEL' is clicked on

2023-04-08 13:53:52 - [MESSAGE][PASSED] - Object: 'Object Repository/Processo_Sub_Imovel/div_IDENTIFICAO DO IMVEL' is clicked on

2023-04-08 13:53:52 - [TEST_STEP][PASSED] - sendKeys(findTestObject("Object Repository/Processo_Sub_Imovel/input_Nome da Propriedade_frmPatrimonytvSuporteaccPrincipalpropertyName"), "TESTE"): Keys 'TESTE' sent to object: 'Object Repository/Processo_Sub_Imovel/input_Nome da Propriedade_frmPatrimonytvSuporteaccPrincipalpropertyName'

2023-04-08 13:53:53 - [MESSAGE][PASSED] - Keys 'TESTE' sent to object: 'Object Repository/Processo_Sub_Imovel/input_Nome da Propriedade_frmPatrimonytvSuporteaccPrincipalpropertyName'

2023-04-08 13:53:53 - [TEST_STEP][PASSED] - sendKeys(findTestObject("Object Repository/Processo_Sub_Imovel/insirir_Valor Declarado (Kz)_frmPatrimonytvSuporteaccPrincipaldeclaredValue_input"), Keys.chord(BACK_SPACE)): Keys 'BACK_SPACE + ' sent to object: 'Object Repository/Processo_Sub_Imovel/insirir_Valor Declarado (Kz)_frmPatrimonytvSuporteaccPrincipaldeclaredValue_input'

2023-04-08 13:53:54 - [MESSAGE][PASSED] - Keys 'BACK_SPACE + ' sent to object: 'Object Repository/Processo_Sub_Imovel/insirir_Valor Declarado (Kz)_frmPatrimonytvSuporteaccPrincipaldeclaredValue_input'

2023-04-08 13:53:54 - [TEST_STEP][PASSED] - sendKeys(findTestObject("Object Repository/Processo_Sub_Imovel/insirir_Valor Declarado (Kz)_frmPatrimonytvSuporteaccPrincipaldeclaredValue_input"), "200000"): Keys '200000' sent to object: 'Object Repository/Processo_Sub_Imovel/insirir_Valor Declarado (Kz)_frmPatrimonytvSuporteaccPrincipaldeclaredValue_input'

2023-04-08 13:53:55 - [MESSAGE][PASSED] - Keys '200000' sent to object: 'Object Repository/Processo_Sub_Imovel/insirir_Valor Declarado (Kz)_frmPatrimonytvSuporteaccPrincipaldeclaredValue_input']]></system-out>
         <system-err><![CDATA[]]></system-err>
      </testcase>
      <system-out><![CDATA[2023-04-08 13:53:13 - [TEST_SUITE][PASSED] - Suite_Patrimonio: Test Cases/Processo_Imovel TC/Submiss達o de Imovel]]></system-out>
      <system-err><![CDATA[]]></system-err>
   </testsuite>
</testsuites>
