<?xml version="1.0" encoding="UTF-8"?>
<testsuites name="Enviar" time="7.537" tests="1" failures="0" errors="0">
   <testsuite name="Enviar" tests="1" failures="0" errors="0" time="7.537" skipped="0" timestamp="2023-04-13 11:18:25" hostname="feliz.pongo - NOT-TIS-CON22.TISTECH.LAN" id="Test Suites/Enviar EMAIL/Enviar">
      <properties>
         <property name="deviceName" value=""/>
         <property name="devicePlatform" value=""/>
         <property name="logFolder" value="C:\\Users\\feliz.pongo\\git\\NEWPROJECT\\Reports\\20230413_111821\\Enviar EMAIL\\Enviar\\20230413_111821"/>
         <property name="logFiles" value="C:\\Users\\feliz.pongo\\git\\NEWPROJECT\\Reports\\20230413_111821\\Enviar EMAIL\\Enviar\\20230413_111821\\execution0.log"/>
         <property name="attachments" value=""/>
         <property name="hostName" value="feliz.pongo - NOT-TIS-CON22.TISTECH.LAN"/>
         <property name="os" value="Windows 10 64bit"/>
         <property name="katalonVersion" value="8.6.0.208"/>
         <property name="browser" value="Chrome 111.0.0.0"/>
         <property name="hostAddress" value="192.168.1.2"/>
         <property name="sessionId" value="52cf9a088c614b1a39e6636895f19c8a"/>
         <property name="seleniumVersion" value="3.141.59"/>
         <property name="proxyInformation" value="ProxyInformation { proxyOption=NO_PROXY, proxyServerType=HTTP, username=, password=********, proxyServerAddress=, proxyServerPort=0, executionList=&quot;&quot;, isApplyToDesiredCapabilities=true }"/>
         <property name="platform" value="Windows 10"/>
      </properties>
      <testcase name="Test Cases/Email/pagina_inicial" time="7.279" classname="Test Cases/Email/pagina_inicial" status="PASSED">
         <system-out><![CDATA[2023-04-13 11:18:25 - [TEST_CASE][PASSED] - Test Cases/Email/pagina_inicial: Test Cases/Email/pagina_inicial

2023-04-13 11:18:25 - [TEST_STEP][PASSED] - openBrowser("https://accounts.google.com/InteractiveLogin/identifier?elo=1&ifkv=AQMjQ7Q306nrfN1jKD31Qrhcv0WAxboYQudUr9eiSbhOOHqWRMbrR1OPceKbsCzd4N_nj_fqq3so-Q&flowName=GlifWebSignIn&flowEntry=ServiceLogin"): Browser is opened with url: 'https://accounts.google.com/InteractiveLogin/identifier?elo=1&ifkv=AQMjQ7Q306nrfN1jKD31Qrhcv0WAxboYQudUr9eiSbhOOHqWRMbrR1OPceKbsCzd4N_nj_fqq3so-Q&flowName=GlifWebSignIn&flowEntry=ServiceLogin'

2023-04-13 11:18:26 - [MESSAGE][INFO] - Starting 'Chrome' driver

2023-04-13 11:18:26 - [MESSAGE][INFO] - Action delay is set to 0 milliseconds

2023-04-13 11:18:32 - [MESSAGE][PASSED] - Browser is opened with url: 'https://accounts.google.com/InteractiveLogin/identifier?elo=1&ifkv=AQMjQ7Q306nrfN1jKD31Qrhcv0WAxboYQudUr9eiSbhOOHqWRMbrR1OPceKbsCzd4N_nj_fqq3so-Q&flowName=GlifWebSignIn&flowEntry=ServiceLogin'

2023-04-13 11:18:32 - [TEST_STEP][PASSED] - maximizeWindow(): Current window maximized

2023-04-13 11:18:32 - [MESSAGE][PASSED] - Current window maximized

2023-04-13 11:18:32 - [TEST_STEP][PASSED] - sendKeys(findTestObject("Object Repository/Envio de Email/input_Usar a sua Conta Google_identifier"), "felizpongo57@gmail.com"): Keys 'felizpongo57@gmail.com' sent to object: 'Object Repository/Envio de Email/input_Usar a sua Conta Google_identifier'

2023-04-13 11:18:32 - [MESSAGE][PASSED] - Keys 'felizpongo57@gmail.com' sent to object: 'Object Repository/Envio de Email/input_Usar a sua Conta Google_identifier']]></system-out>
         <system-err><![CDATA[]]></system-err>
      </testcase>
      <system-out><![CDATA[2023-04-13 11:18:25 - [TEST_SUITE][PASSED] - Enviar: Test Cases/Email/pagina_inicial]]></system-out>
      <system-err><![CDATA[]]></system-err>
   </testsuite>
</testsuites>
