<?xml version="1.0" encoding="UTF-8"?>
<testsuites name="Folha_Rodar" time="14.576" tests="1" failures="0" errors="0">
   <testsuite name="Folha_Rodar" tests="1" failures="0" errors="0" time="14.576" skipped="0" timestamp="2023-04-16 22:46:05" hostname="feliz.pongo - NOT-TIS-CON22.TISTECH.LAN" id="Test Suites/Folha8_Suite/Folha_Rodar">
      <properties>
         <property name="deviceName" value=""/>
         <property name="devicePlatform" value=""/>
         <property name="logFolder" value="C:\\Users\\feliz.pongo\\git\\NEWPROJECT\\Reports\\20230416_224557\\Folha8_Suite\\Folha_Rodar\\20230416_224557"/>
         <property name="logFiles" value="C:\\Users\\feliz.pongo\\git\\NEWPROJECT\\Reports\\20230416_224557\\Folha8_Suite\\Folha_Rodar\\20230416_224557\\execution0.log"/>
         <property name="attachments" value=""/>
         <property name="hostName" value="feliz.pongo - NOT-TIS-CON22.TISTECH.LAN"/>
         <property name="os" value="Windows 10 64bit"/>
         <property name="katalonVersion" value="8.6.0.208"/>
         <property name="browser" value="Chrome 111.0.0.0"/>
         <property name="hostAddress" value="192.168.1.4"/>
         <property name="sessionId" value="9fd0840da4848939e12b1fd724104bc8"/>
         <property name="seleniumVersion" value="3.141.59"/>
         <property name="proxyInformation" value="ProxyInformation { proxyOption=NO_PROXY, proxyServerType=HTTP, username=, password=********, proxyServerAddress=, proxyServerPort=0, executionList=&quot;&quot;, isApplyToDesiredCapabilities=true }"/>
         <property name="platform" value="Windows 10"/>
      </properties>
      <testcase name="Test Cases/Folha8 TC/Folha" time="13.999" classname="Test Cases/Folha8 TC/Folha" status="PASSED">
         <system-out><![CDATA[2023-04-16 22:46:05 - [TEST_CASE][PASSED] - Test Cases/Folha8 TC/Folha: Test Cases/Folha8 TC/Folha

2023-04-16 22:46:06 - [TEST_STEP][PASSED] - openBrowser("https://jornalf8.net/category/politica/"): Browser is opened with url: 'https://jornalf8.net/category/politica/'

2023-04-16 22:46:06 - [MESSAGE][INFO] - Starting 'Chrome' driver

2023-04-16 22:46:07 - [MESSAGE][INFO] - Action delay is set to 0 milliseconds

2023-04-16 22:46:19 - [MESSAGE][PASSED] - Browser is opened with url: 'https://jornalf8.net/category/politica/'

2023-04-16 22:46:19 - [TEST_STEP][PASSED] - maximizeWindow(): Current window maximized

2023-04-16 22:46:19 - [MESSAGE][PASSED] - Current window maximized]]></system-out>
         <system-err><![CDATA[]]></system-err>
      </testcase>
      <system-out><![CDATA[2023-04-16 22:46:05 - [TEST_SUITE][PASSED] - Folha_Rodar: Test Cases/Folha8 TC/Folha]]></system-out>
      <system-err><![CDATA[]]></system-err>
   </testsuite>
</testsuites>
