<?xml version="1.0" encoding="UTF-8"?>
<testsuites name="Suite_Patrimonio" time="56.683" tests="2" failures="0" errors="0">
   <testsuite name="Suite_Patrimonio" tests="2" failures="0" errors="0" time="56.683" skipped="0" timestamp="2023-04-10 09:04:46" hostname="feliz.pongo - NOT-TIS-CON22.TISTECH.LAN" id="Test Suites/Suite_Patrimonio">
      <properties>
         <property name="deviceName" value=""/>
         <property name="devicePlatform" value=""/>
         <property name="logFolder" value="C:\\Users\\feliz.pongo\\git\\NEWPROJECT\\Reports\\20230410_090442\\Suite_Patrimonio\\20230410_090443"/>
         <property name="logFiles" value="C:\\Users\\feliz.pongo\\git\\NEWPROJECT\\Reports\\20230410_090442\\Suite_Patrimonio\\20230410_090443\\execution0.log"/>
         <property name="attachments" value=""/>
         <property name="hostName" value="feliz.pongo - NOT-TIS-CON22.TISTECH.LAN"/>
         <property name="os" value="Windows 10 64bit"/>
         <property name="katalonVersion" value="8.6.0.208"/>
         <property name="browser" value="Chrome 111.0.0.0"/>
         <property name="hostAddress" value="10.246.0.136"/>
         <property name="sessionId" value="a133e30b225ddba87d169942ada410f7"/>
         <property name="seleniumVersion" value="3.141.59"/>
         <property name="proxyInformation" value="ProxyInformation { proxyOption=NO_PROXY, proxyServerType=HTTP, username=, password=********, proxyServerAddress=, proxyServerPort=0, executionList=&quot;&quot;, isApplyToDesiredCapabilities=true }"/>
         <property name="platform" value="Windows 10"/>
      </properties>
      <testcase name="Test Cases/Loginfont TC/Log" time="17.935" classname="Test Cases/Loginfont TC/Log" status="PASSED">
         <system-out><![CDATA[2023-04-10 09:04:46 - [TEST_CASE][PASSED] - Test Cases/Loginfont TC/Log: Test Cases/Loginfont TC/Log

2023-04-10 09:04:47 - [TEST_STEP][PASSED] - openBrowser("http://10.129.105.196:7003/frontoffice/login"): Browser is opened with url: 'http://10.129.105.196:7003/frontoffice/login'

2023-04-10 09:04:47 - [MESSAGE][INFO] - Starting 'Chrome' driver

2023-04-10 09:04:47 - [MESSAGE][INFO] - Action delay is set to 0 milliseconds

2023-04-10 09:04:53 - [MESSAGE][PASSED] - Browser is opened with url: 'http://10.129.105.196:7003/frontoffice/login'

2023-04-10 09:04:53 - [TEST_STEP][PASSED] - sendKeys(findTestObject("Object Repository/Login/ID_utilizador"), "Patrimonio2RF"): Keys 'Patrimonio2RF' sent to object: 'Object Repository/Login/ID_utilizador'

2023-04-10 09:04:53 - [MESSAGE][PASSED] - Keys 'Patrimonio2RF' sent to object: 'Object Repository/Login/ID_utilizador'

2023-04-10 09:04:53 - [TEST_STEP][PASSED] - sendKeys(findTestObject("Object Repository/Login/input_Password_j_password"), "PAT2ref"): Keys 'PAT2ref' sent to object: 'Object Repository/Login/input_Password_j_password'

2023-04-10 09:04:53 - [MESSAGE][PASSED] - Keys 'PAT2ref' sent to object: 'Object Repository/Login/input_Password_j_password'

2023-04-10 09:04:53 - [TEST_STEP][PASSED] - click(findTestObject("Object Repository/Login/Iniciar_Sesso")): Object: 'Object Repository/Login/Iniciar_Sesso' is clicked on

2023-04-10 09:05:04 - [MESSAGE][PASSED] - Object: 'Object Repository/Login/Iniciar_Sesso' is clicked on]]></system-out>
         <system-err><![CDATA[]]></system-err>
      </testcase>
      <testcase name="Test Cases/Processo_Imovel TC/Submiss達o de Imovel" time="38.535" classname="Test Cases/Processo_Imovel TC/Submiss達o de Imovel" status="PASSED">
         <system-out><![CDATA[2023-04-10 09:05:04 - [TEST_CASE][PASSED] - Test Cases/Processo_Imovel TC/Submiss達o de Imovel: Test Cases/Processo_Imovel TC/Submiss達o de Imovel

2023-04-10 09:05:05 - [TEST_STEP][PASSED] - click(findTestObject("Object Repository/Processo_Sub_Imovel/span_Patrimnio")): Object: 'Object Repository/Processo_Sub_Imovel/span_Patrimnio' is clicked on

2023-04-10 09:05:05 - [MESSAGE][PASSED] - Object: 'Object Repository/Processo_Sub_Imovel/span_Patrimnio' is clicked on

2023-04-10 09:05:05 - [TEST_STEP][PASSED] - click(findTestObject("Object Repository/Processo_Sub_Imovel/span_Cadastro")): Object: 'Object Repository/Processo_Sub_Imovel/span_Cadastro' is clicked on

2023-04-10 09:05:06 - [MESSAGE][PASSED] - Object: 'Object Repository/Processo_Sub_Imovel/span_Cadastro' is clicked on

2023-04-10 09:05:06 - [TEST_STEP][PASSED] - click(findTestObject("Object Repository/Processo_Sub_Imovel/span_Prdio")): Object: 'Object Repository/Processo_Sub_Imovel/span_Prdio' is clicked on

2023-04-10 09:05:07 - [MESSAGE][PASSED] - Object: 'Object Repository/Processo_Sub_Imovel/span_Prdio' is clicked on

2023-04-10 09:05:07 - [TEST_STEP][PASSED] - click(findTestObject("Object Repository/Processo_Sub_Imovel/span_Urbano")): Object: 'Object Repository/Processo_Sub_Imovel/span_Urbano' is clicked on

2023-04-10 09:05:08 - [MESSAGE][PASSED] - Object: 'Object Repository/Processo_Sub_Imovel/span_Urbano' is clicked on

2023-04-10 09:05:08 - [TEST_STEP][PASSED] - click(findTestObject("Object Repository/Processo_Sub_Imovel/span_Propriedade Total")): Object: 'Object Repository/Processo_Sub_Imovel/span_Propriedade Total' is clicked on

2023-04-10 09:05:31 - [MESSAGE][PASSED] - Object: 'Object Repository/Processo_Sub_Imovel/span_Propriedade Total' is clicked on

2023-04-10 09:05:31 - [TEST_STEP][PASSED] - click(findTestObject("Object Repository/Processo_Sub_Imovel/div_REGIME JURDICO")): Object: 'Object Repository/Processo_Sub_Imovel/div_REGIME JURDICO' is clicked on

2023-04-10 09:05:31 - [MESSAGE][PASSED] - Object: 'Object Repository/Processo_Sub_Imovel/div_REGIME JURDICO' is clicked on

2023-04-10 09:05:31 - [TEST_STEP][PASSED] - click(findTestObject("Object Repository/Processo_Sub_Imovel/div_IDENTIFICAO DO DECLARANTE")): Object: 'Object Repository/Processo_Sub_Imovel/div_IDENTIFICAO DO DECLARANTE' is clicked on

2023-04-10 09:05:32 - [MESSAGE][PASSED] - Object: 'Object Repository/Processo_Sub_Imovel/div_IDENTIFICAO DO DECLARANTE' is clicked on

2023-04-10 09:05:32 - [TEST_STEP][PASSED] - click(findTestObject("Object Repository/Processo_Sub_Imovel/btn_loopa_Declarante")): Object: 'Object Repository/Processo_Sub_Imovel/btn_loopa_Declarante' is clicked on

2023-04-10 09:05:33 - [MESSAGE][PASSED] - Object: 'Object Repository/Processo_Sub_Imovel/btn_loopa_Declarante' is clicked on

2023-04-10 09:05:33 - [TEST_STEP][PASSED] - sendKeys(findTestObject("Object Repository/Processo_Sub_Imovel/input_Nome do Contribuinte_frmSearchNIFBranchedialogSearchNIF-nameInput"), "MARCOS"): Keys 'MARCOS' sent to object: 'Object Repository/Processo_Sub_Imovel/input_Nome do Contribuinte_frmSearchNIFBranchedialogSearchNIF-nameInput'

2023-04-10 09:05:34 - [MESSAGE][PASSED] - Keys 'MARCOS' sent to object: 'Object Repository/Processo_Sub_Imovel/input_Nome do Contribuinte_frmSearchNIFBranchedialogSearchNIF-nameInput'

2023-04-10 09:05:34 - [TEST_STEP][PASSED] - click(findTestObject("Object Repository/Processo_Sub_Imovel/span_Pesquisar")): Object: 'Object Repository/Processo_Sub_Imovel/span_Pesquisar' is clicked on

2023-04-10 09:05:34 - [MESSAGE][PASSED] - Object: 'Object Repository/Processo_Sub_Imovel/span_Pesquisar' is clicked on

2023-04-10 09:05:34 - [TEST_STEP][PASSED] - click(findTestObject("Object Repository/Processo_Sub_Imovel/td_ADHEMAR MARCOS")): Object: 'Object Repository/Processo_Sub_Imovel/td_ADHEMAR MARCOS' is clicked on

2023-04-10 09:05:37 - [MESSAGE][PASSED] - Object: 'Object Repository/Processo_Sub_Imovel/td_ADHEMAR MARCOS' is clicked on

2023-04-10 09:05:37 - [TEST_STEP][PASSED] - click(findTestObject("Object Repository/Processo_Sub_Imovel/na_qualidade_de")): Object: 'Object Repository/Processo_Sub_Imovel/na_qualidade_de' is clicked on

2023-04-10 09:05:39 - [MESSAGE][PASSED] - Object: 'Object Repository/Processo_Sub_Imovel/na_qualidade_de' is clicked on

2023-04-10 09:05:39 - [TEST_STEP][PASSED] - click(findTestObject("Object Repository/Processo_Sub_Imovel/li_Tcnico de Impostos")): Object: 'Object Repository/Processo_Sub_Imovel/li_Tcnico de Impostos' is clicked on

2023-04-10 09:05:40 - [MESSAGE][PASSED] - Object: 'Object Repository/Processo_Sub_Imovel/li_Tcnico de Impostos' is clicked on

2023-04-10 09:05:40 - [TEST_STEP][PASSED] - click(findTestObject("Object Repository/Processo_Sub_Imovel/div_IDENTIFICAO DO IMVEL")): Object: 'Object Repository/Processo_Sub_Imovel/div_IDENTIFICAO DO IMVEL' is clicked on

2023-04-10 09:05:41 - [MESSAGE][PASSED] - Object: 'Object Repository/Processo_Sub_Imovel/div_IDENTIFICAO DO IMVEL' is clicked on

2023-04-10 09:05:41 - [TEST_STEP][PASSED] - sendKeys(findTestObject("Object Repository/Processo_Sub_Imovel/input_Nome da Propriedade_frmPatrimonytvSuporteaccPrincipalpropertyName"), "TESTE"): Keys 'TESTE' sent to object: 'Object Repository/Processo_Sub_Imovel/input_Nome da Propriedade_frmPatrimonytvSuporteaccPrincipalpropertyName'

2023-04-10 09:05:42 - [MESSAGE][PASSED] - Keys 'TESTE' sent to object: 'Object Repository/Processo_Sub_Imovel/input_Nome da Propriedade_frmPatrimonytvSuporteaccPrincipalpropertyName'

2023-04-10 09:05:42 - [TEST_STEP][PASSED] - click(findTestObject("Object Repository/Processo_Sub_Imovel/deletar_Valor Declarado (Kz)_frmPatrimonytvSuporteaccPrincipaldeclaredValue_input")): Object: 'Object Repository/Processo_Sub_Imovel/deletar_Valor Declarado (Kz)_frmPatrimonytvSuporteaccPrincipaldeclaredValue_input' is clicked on

2023-04-10 09:05:42 - [MESSAGE][PASSED] - Object: 'Object Repository/Processo_Sub_Imovel/deletar_Valor Declarado (Kz)_frmPatrimonytvSuporteaccPrincipaldeclaredValue_input' is clicked on

2023-04-10 09:05:42 - [TEST_STEP][PASSED] - sendKeys(findTestObject("Object Repository/Processo_Sub_Imovel/Valor Declarado (Kz)_frmPatrimonytvSuporteaccPrincipaldeclaredValue_input"), "Keys.chord(Keys.BACK_SPACE"): Keys 'Keys.chord(Keys.BACK_SPACE' sent to object: 'Object Repository/Processo_Sub_Imovel/Valor Declarado (Kz)_frmPatrimonytvSuporteaccPrincipaldeclaredValue_input'

2023-04-10 09:05:43 - [MESSAGE][PASSED] - Keys 'Keys.chord(Keys.BACK_SPACE' sent to object: 'Object Repository/Processo_Sub_Imovel/Valor Declarado (Kz)_frmPatrimonytvSuporteaccPrincipaldeclaredValue_input']]></system-out>
         <system-err><![CDATA[]]></system-err>
      </testcase>
      <system-out><![CDATA[2023-04-10 09:04:46 - [TEST_SUITE][PASSED] - Suite_Patrimonio: Test Cases/Processo_Imovel TC/Submiss達o de Imovel]]></system-out>
      <system-err><![CDATA[]]></system-err>
   </testsuite>
</testsuites>
