<?xml version="1.0" encoding="UTF-8"?>
<testsuites name="TPA-Rodar" time="86.827" tests="1" failures="0" errors="0">
   <testsuite name="TPA-Rodar" tests="1" failures="0" errors="0" time="86.827" skipped="0" timestamp="2023-04-17 13:36:12" hostname="feliz.pongo - NOT-TIS-CON22.TISTECH.LAN" id="Test Suites/TPA_Suite/TPA-Rodar">
      <properties>
         <property name="deviceName" value=""/>
         <property name="devicePlatform" value=""/>
         <property name="logFolder" value="C:\\Users\\feliz.pongo\\git\\NEWPROJECT\\Reports\\20230417_133606\\TPA_Suite\\TPA-Rodar\\20230417_133606"/>
         <property name="logFiles" value="C:\\Users\\feliz.pongo\\git\\NEWPROJECT\\Reports\\20230417_133606\\TPA_Suite\\TPA-Rodar\\20230417_133606\\execution0.log"/>
         <property name="attachments" value=""/>
         <property name="hostName" value="feliz.pongo - NOT-TIS-CON22.TISTECH.LAN"/>
         <property name="os" value="Windows 10 64bit"/>
         <property name="katalonVersion" value="8.6.0.208"/>
         <property name="browser" value="Chrome 111.0.0.0"/>
         <property name="hostAddress" value="10.246.0.136"/>
         <property name="sessionId" value="c56c985896909710ba7e8819b7dc9d81"/>
         <property name="seleniumVersion" value="3.141.59"/>
         <property name="proxyInformation" value="ProxyInformation { proxyOption=NO_PROXY, proxyServerType=HTTP, username=, password=********, proxyServerAddress=, proxyServerPort=0, executionList=&quot;&quot;, isApplyToDesiredCapabilities=true }"/>
         <property name="platform" value="Windows 10"/>
      </properties>
      <testcase name="Test Cases/TPA TC/TPA_Noticias" time="86.312" classname="Test Cases/TPA TC/TPA_Noticias" status="PASSED">
         <system-out><![CDATA[2023-04-17 13:36:13 - [TEST_CASE][PASSED] - Test Cases/TPA TC/TPA_Noticias: Test Cases/TPA TC/TPA_Noticias

2023-04-17 13:36:13 - [TEST_STEP][PASSED] - openBrowser("https://www.tpa.ao/ao/noticias/index.php?tipo=1&idSec=96"): Browser is opened with url: 'https://www.tpa.ao/ao/noticias/index.php?tipo=1&idSec=96'

2023-04-17 13:36:14 - [MESSAGE][INFO] - Starting 'Chrome' driver

2023-04-17 13:36:14 - [MESSAGE][INFO] - Action delay is set to 0 milliseconds

2023-04-17 13:36:28 - [MESSAGE][PASSED] - Browser is opened with url: 'https://www.tpa.ao/ao/noticias/index.php?tipo=1&idSec=96'

2023-04-17 13:36:28 - [TEST_STEP][PASSED] - maximizeWindow(): Current window maximized

2023-04-17 13:36:28 - [MESSAGE][PASSED] - Current window maximized

2023-04-17 13:36:28 - [TEST_STEP][PASSED] - click(findTestObject("Object Repository/TPA OR/a_A NOITE  DELA")): Object: 'Object Repository/TPA OR/a_A NOITE  DELA' is clicked on

2023-04-17 13:36:33 - [MESSAGE][PASSED] - Object: 'Object Repository/TPA OR/a_A NOITE  DELA' is clicked on

2023-04-17 13:36:33 - [TEST_STEP][PASSED] - click(findTestObject("Object Repository/TPA OR/a_Notcias")): Object: 'Object Repository/TPA OR/a_Notcias' is clicked on

2023-04-17 13:36:35 - [MESSAGE][PASSED] - Object: 'Object Repository/TPA OR/a_Notcias' is clicked on

2023-04-17 13:36:35 - [TEST_STEP][PASSED] - click(findTestObject("Object Repository/TPA OR/a_Cincia")): Object: 'Object Repository/TPA OR/a_Cincia' is clicked on

2023-04-17 13:36:39 - [MESSAGE][PASSED] - Object: 'Object Repository/TPA OR/a_Cincia' is clicked on

2023-04-17 13:36:39 - [TEST_STEP][PASSED] - click(findTestObject("Object Repository/TPA OR/a_Sociedade")): Object: 'Object Repository/TPA OR/a_Sociedade' is clicked on

2023-04-17 13:36:42 - [MESSAGE][PASSED] - Object: 'Object Repository/TPA OR/a_Sociedade' is clicked on

2023-04-17 13:36:42 - [TEST_STEP][PASSED] - click(findTestObject("Object Repository/TPA OR/a_NA LENTE")): Object: 'Object Repository/TPA OR/a_NA LENTE' is clicked on

2023-04-17 13:36:45 - [MESSAGE][PASSED] - Object: 'Object Repository/TPA OR/a_NA LENTE' is clicked on

2023-04-17 13:36:45 - [TEST_STEP][PASSED] - click(findTestObject("Object Repository/TPA OR/a_COVID-19")): Object: 'Object Repository/TPA OR/a_COVID-19' is clicked on

2023-04-17 13:36:48 - [MESSAGE][PASSED] - Object: 'Object Repository/TPA OR/a_COVID-19' is clicked on

2023-04-17 13:36:48 - [TEST_STEP][PASSED] - click(findTestObject("Object Repository/TPA OR/a_Cultura")): Object: 'Object Repository/TPA OR/a_Cultura' is clicked on

2023-04-17 13:36:49 - [MESSAGE][PASSED] - Object: 'Object Repository/TPA OR/a_Cultura' is clicked on

2023-04-17 13:36:49 - [TEST_STEP][PASSED] - click(findTestObject("Object Repository/TPA OR/a_Curiosidades")): Object: 'Object Repository/TPA OR/a_Curiosidades' is clicked on

2023-04-17 13:36:50 - [MESSAGE][PASSED] - Object: 'Object Repository/TPA OR/a_Curiosidades' is clicked on

2023-04-17 13:36:50 - [TEST_STEP][PASSED] - click(findTestObject("Object Repository/TPA OR/a_Curso Culinria")): Object: 'Object Repository/TPA OR/a_Curso Culinria' is clicked on

2023-04-17 13:36:51 - [MESSAGE][PASSED] - Object: 'Object Repository/TPA OR/a_Curso Culinria' is clicked on

2023-04-17 13:36:51 - [TEST_STEP][PASSED] - click(findTestObject("Object Repository/TPA OR/a_Desporto")): Object: 'Object Repository/TPA OR/a_Desporto' is clicked on

2023-04-17 13:36:54 - [MESSAGE][PASSED] - Object: 'Object Repository/TPA OR/a_Desporto' is clicked on

2023-04-17 13:36:54 - [TEST_STEP][PASSED] - click(findTestObject("Object Repository/TPA OR/a_Poltica")): Object: 'Object Repository/TPA OR/a_Poltica' is clicked on

2023-04-17 13:36:57 - [MESSAGE][PASSED] - Object: 'Object Repository/TPA OR/a_Poltica' is clicked on

2023-04-17 13:36:57 - [TEST_STEP][PASSED] - click(findTestObject("Object Repository/TPA OR/a_OUTROS")): Object: 'Object Repository/TPA OR/a_OUTROS' is clicked on

2023-04-17 13:37:02 - [MESSAGE][PASSED] - Object: 'Object Repository/TPA OR/a_OUTROS' is clicked on

2023-04-17 13:37:02 - [TEST_STEP][PASSED] - click(findTestObject("Object Repository/TPA OR/a_Economia")): Object: 'Object Repository/TPA OR/a_Economia' is clicked on

2023-04-17 13:37:03 - [MESSAGE][PASSED] - Object: 'Object Repository/TPA OR/a_Economia' is clicked on

2023-04-17 13:37:03 - [TEST_STEP][PASSED] - click(findTestObject("Object Repository/TPA OR/a_Educao")): Object: 'Object Repository/TPA OR/a_Educao' is clicked on

2023-04-17 13:37:05 - [MESSAGE][PASSED] - Object: 'Object Repository/TPA OR/a_Educao' is clicked on

2023-04-17 13:37:05 - [TEST_STEP][PASSED] - click(findTestObject("Object Repository/TPA OR/a_Moda")): Object: 'Object Repository/TPA OR/a_Moda' is clicked on

2023-04-17 13:37:07 - [MESSAGE][PASSED] - Object: 'Object Repository/TPA OR/a_Moda' is clicked on

2023-04-17 13:37:07 - [TEST_STEP][PASSED] - click(findTestObject("Object Repository/TPA OR/a_Ensino")): Object: 'Object Repository/TPA OR/a_Ensino' is clicked on

2023-04-17 13:37:12 - [MESSAGE][PASSED] - Object: 'Object Repository/TPA OR/a_Ensino' is clicked on

2023-04-17 13:37:12 - [TEST_STEP][PASSED] - click(findTestObject("Object Repository/TPA OR/a_Justia")): Object: 'Object Repository/TPA OR/a_Justia' is clicked on

2023-04-17 13:37:16 - [MESSAGE][PASSED] - Object: 'Object Repository/TPA OR/a_Justia' is clicked on

2023-04-17 13:37:16 - [TEST_STEP][PASSED] - click(findTestObject("Object Repository/TPA OR/a_Entrevistas")): Object: 'Object Repository/TPA OR/a_Entrevistas' is clicked on

2023-04-17 13:37:17 - [MESSAGE][PASSED] - Object: 'Object Repository/TPA OR/a_Entrevistas' is clicked on

2023-04-17 13:37:17 - [TEST_STEP][PASSED] - click(findTestObject("Object Repository/TPA OR/a_Tecnologia")): Object: 'Object Repository/TPA OR/a_Tecnologia' is clicked on

2023-04-17 13:37:18 - [MESSAGE][PASSED] - Object: 'Object Repository/TPA OR/a_Tecnologia' is clicked on

2023-04-17 13:37:18 - [TEST_STEP][PASSED] - click(findTestObject("Object Repository/TPA OR/a_GRANDE ENTREVISTA")): Object: 'Object Repository/TPA OR/a_GRANDE ENTREVISTA' is clicked on

2023-04-17 13:37:20 - [MESSAGE][PASSED] - Object: 'Object Repository/TPA OR/a_GRANDE ENTREVISTA' is clicked on

2023-04-17 13:37:20 - [TEST_STEP][PASSED] - click(findTestObject("Object Repository/TPA OR/a_Internacional")): Object: 'Object Repository/TPA OR/a_Internacional' is clicked on

2023-04-17 13:37:23 - [MESSAGE][PASSED] - Object: 'Object Repository/TPA OR/a_Internacional' is clicked on

2023-04-17 13:37:23 - [TEST_STEP][PASSED] - click(findTestObject("Object Repository/TPA OR/a_JANELA ABERTA")): Object: 'Object Repository/TPA OR/a_JANELA ABERTA' is clicked on

2023-04-17 13:37:25 - [MESSAGE][PASSED] - Object: 'Object Repository/TPA OR/a_JANELA ABERTA' is clicked on

2023-04-17 13:37:25 - [TEST_STEP][PASSED] - click(findTestObject("Object Repository/TPA OR/a_Sade")): Object: 'Object Repository/TPA OR/a_Sade' is clicked on

2023-04-17 13:37:31 - [MESSAGE][PASSED] - Object: 'Object Repository/TPA OR/a_Sade' is clicked on

2023-04-17 13:37:31 - [TEST_STEP][PASSED] - click(findTestObject("Object Repository/TPA OR/a_JORNAL DA TARDE")): Object: 'Object Repository/TPA OR/a_JORNAL DA TARDE' is clicked on

2023-04-17 13:37:34 - [MESSAGE][PASSED] - Object: 'Object Repository/TPA OR/a_JORNAL DA TARDE' is clicked on

2023-04-17 13:37:34 - [TEST_STEP][PASSED] - click(findTestObject("Object Repository/TPA OR/a_Desenvolvimento Humano")): Object: 'Object Repository/TPA OR/a_Desenvolvimento Humano' is clicked on

2023-04-17 13:37:36 - [MESSAGE][PASSED] - Object: 'Object Repository/TPA OR/a_Desenvolvimento Humano' is clicked on

2023-04-17 13:37:36 - [TEST_STEP][PASSED] - click(findTestObject("Object Repository/TPA OR/a_CULINRIA")): Object: 'Object Repository/TPA OR/a_CULINRIA' is clicked on

2023-04-17 13:37:39 - [MESSAGE][PASSED] - Object: 'Object Repository/TPA OR/a_CULINRIA' is clicked on]]></system-out>
         <system-err><![CDATA[]]></system-err>
      </testcase>
      <system-out><![CDATA[2023-04-17 13:36:12 - [TEST_SUITE][PASSED] - TPA-Rodar: Test Cases/TPA TC/TPA_Noticias]]></system-out>
      <system-err><![CDATA[]]></system-err>
   </testsuite>
</testsuites>
