<?xml version="1.0" encoding="UTF-8"?>
<testsuites name="Enviar2" time="16.896" tests="2" failures="0" errors="0">
   <testsuite name="Enviar2" tests="2" failures="0" errors="0" time="16.896" skipped="0" timestamp="2023-04-15 16:01:10" hostname="feliz.pongo - NOT-TIS-CON22.TISTECH.LAN" id="Test Suites/Envio_de_Email2/Enviar2">
      <properties>
         <property name="deviceName" value=""/>
         <property name="devicePlatform" value=""/>
         <property name="logFolder" value="C:\\Users\\feliz.pongo\\git\\NEWPROJECT\\Reports\\20230415_160107\\Envio_de_Email2\\Enviar2\\20230415_160107"/>
         <property name="logFiles" value="C:\\Users\\feliz.pongo\\git\\NEWPROJECT\\Reports\\20230415_160107\\Envio_de_Email2\\Enviar2\\20230415_160107\\execution0.log"/>
         <property name="attachments" value=""/>
         <property name="hostName" value="feliz.pongo - NOT-TIS-CON22.TISTECH.LAN"/>
         <property name="os" value="Windows 10 64bit"/>
         <property name="katalonVersion" value="8.6.0.208"/>
         <property name="browser" value="Chrome 111.0.0.0"/>
         <property name="hostAddress" value="192.168.1.4"/>
         <property name="sessionId" value="c98b9c302d7595af857ca2eb476900fe"/>
         <property name="seleniumVersion" value="3.141.59"/>
         <property name="proxyInformation" value="ProxyInformation { proxyOption=NO_PROXY, proxyServerType=HTTP, username=, password=********, proxyServerAddress=, proxyServerPort=0, executionList=&quot;&quot;, isApplyToDesiredCapabilities=true }"/>
         <property name="platform" value="Windows 10"/>
      </properties>
      <testcase name="Test Cases/Email2/Inicial pag" time="10.936" classname="Test Cases/Email2/Inicial pag" status="PASSED">
         <system-out><![CDATA[2023-04-15 16:01:10 - [TEST_CASE][PASSED] - Test Cases/Email2/Inicial pag: Test Cases/Email2/Inicial pag

2023-04-15 16:01:11 - [TEST_STEP][PASSED] - openBrowser("https://mail.google.com/mail/u/0/#inbox"): Browser is opened with url: 'https://mail.google.com/mail/u/0/#inbox'

2023-04-15 16:01:11 - [MESSAGE][INFO] - Starting 'Chrome' driver

2023-04-15 16:01:11 - [MESSAGE][INFO] - Action delay is set to 0 milliseconds

2023-04-15 16:01:15 - [MESSAGE][PASSED] - Browser is opened with url: 'https://mail.google.com/mail/u/0/#inbox'

2023-04-15 16:01:15 - [TEST_STEP][PASSED] - sendKeys(findTestObject("Object Repository/EnviarEmail2/input_Continuar para o Gmail_identifier"), "felizpongo980@gmail.com"): Keys 'felizpongo980@gmail.com' sent to object: 'Object Repository/EnviarEmail2/input_Continuar para o Gmail_identifier'

2023-04-15 16:01:16 - [MESSAGE][PASSED] - Keys 'felizpongo980@gmail.com' sent to object: 'Object Repository/EnviarEmail2/input_Continuar para o Gmail_identifier'

2023-04-15 16:01:16 - [TEST_STEP][PASSED] - click(findTestObject("Object Repository/EnviarEmail2/span_Criar conta")): Object: 'Object Repository/EnviarEmail2/span_Criar conta' is clicked on

2023-04-15 16:01:17 - [MESSAGE][PASSED] - Object: 'Object Repository/EnviarEmail2/span_Criar conta' is clicked on

2023-04-15 16:01:17 - [TEST_STEP][PASSED] - click(findTestObject("Object Repository/EnviarEmail2/span_Para a minha utilizao pessoal")): Object: 'Object Repository/EnviarEmail2/span_Para a minha utilizao pessoal' is clicked on

2023-04-15 16:01:20 - [MESSAGE][PASSED] - Object: 'Object Repository/EnviarEmail2/span_Para a minha utilizao pessoal' is clicked on

2023-04-15 16:01:20 - [TEST_STEP][PASSED] - sendKeys(findTestObject("Object Repository/EnviarEmail2/input_Introduza o seu nome_firstName"), "Pedro"): Keys 'Pedro' sent to object: 'Object Repository/EnviarEmail2/input_Introduza o seu nome_firstName'

2023-04-15 16:01:21 - [MESSAGE][PASSED] - Keys 'Pedro' sent to object: 'Object Repository/EnviarEmail2/input_Introduza o seu nome_firstName'

2023-04-15 16:01:21 - [TEST_STEP][PASSED] - sendKeys(findTestObject("Object Repository/EnviarEmail2/input_Introduza o seu nome_lastName"), "Manuel"): Keys 'Manuel' sent to object: 'Object Repository/EnviarEmail2/input_Introduza o seu nome_lastName'

2023-04-15 16:01:21 - [MESSAGE][PASSED] - Keys 'Manuel' sent to object: 'Object Repository/EnviarEmail2/input_Introduza o seu nome_lastName']]></system-out>
         <system-err><![CDATA[]]></system-err>
      </testcase>
      <testcase name="Test Cases/Email/pagina_inicial" time="5.779" classname="Test Cases/Email/pagina_inicial" status="PASSED">
         <system-out><![CDATA[2023-04-15 16:01:21 - [TEST_CASE][PASSED] - Test Cases/Email/pagina_inicial: Test Cases/Email/pagina_inicial

2023-04-15 16:01:22 - [TEST_STEP][PASSED] - openBrowser("https://accounts.google.com/InteractiveLogin/identifier?elo=1&ifkv=AQMjQ7Q306nrfN1jKD31Qrhcv0WAxboYQudUr9eiSbhOOHqWRMbrR1OPceKbsCzd4N_nj_fqq3so-Q&flowName=GlifWebSignIn&flowEntry=ServiceLogin"): Browser is opened with url: 'https://accounts.google.com/InteractiveLogin/identifier?elo=1&ifkv=AQMjQ7Q306nrfN1jKD31Qrhcv0WAxboYQudUr9eiSbhOOHqWRMbrR1OPceKbsCzd4N_nj_fqq3so-Q&flowName=GlifWebSignIn&flowEntry=ServiceLogin'

2023-04-15 16:01:22 - [MESSAGE][WARNING] - A browser is already opened. Closing browser and opening a new one

2023-04-15 16:01:23 - [MESSAGE][INFO] - Starting 'Chrome' driver

2023-04-15 16:01:23 - [MESSAGE][INFO] - Action delay is set to 0 milliseconds

2023-04-15 16:01:25 - [MESSAGE][PASSED] - Browser is opened with url: 'https://accounts.google.com/InteractiveLogin/identifier?elo=1&ifkv=AQMjQ7Q306nrfN1jKD31Qrhcv0WAxboYQudUr9eiSbhOOHqWRMbrR1OPceKbsCzd4N_nj_fqq3so-Q&flowName=GlifWebSignIn&flowEntry=ServiceLogin'

2023-04-15 16:01:25 - [TEST_STEP][PASSED] - maximizeWindow(): Current window maximized

2023-04-15 16:01:26 - [MESSAGE][PASSED] - Current window maximized

2023-04-15 16:01:26 - [TEST_STEP][PASSED] - sendKeys(findTestObject("Object Repository/Envio de Email/input_Usar a sua Conta Google_identifier"), "felizpongo57@gmail.com"): Keys 'felizpongo57@gmail.com' sent to object: 'Object Repository/Envio de Email/input_Usar a sua Conta Google_identifier'

2023-04-15 16:01:27 - [MESSAGE][PASSED] - Keys 'felizpongo57@gmail.com' sent to object: 'Object Repository/Envio de Email/input_Usar a sua Conta Google_identifier'

2023-04-15 16:01:27 - [TEST_STEP][PASSED] - click(findTestObject("Object Repository/Envio de Email/span_Seguinte")): Object: 'Object Repository/Envio de Email/span_Seguinte' is clicked on

2023-04-15 16:01:27 - [MESSAGE][PASSED] - Object: 'Object Repository/Envio de Email/span_Seguinte' is clicked on]]></system-out>
         <system-err><![CDATA[]]></system-err>
      </testcase>
      <system-out><![CDATA[2023-04-15 16:01:10 - [TEST_SUITE][PASSED] - Enviar2: Test Cases/Email/pagina_inicial]]></system-out>
      <system-err><![CDATA[]]></system-err>
   </testsuite>
</testsuites>
