<?xml version="1.0" encoding="UTF-8"?>
<testsuites name="Jornal_Rodar" time="9.981" tests="1" failures="0" errors="0">
   <testsuite name="Jornal_Rodar" tests="1" failures="0" errors="0" time="9.981" skipped="0" timestamp="2023-04-15 16:24:48" hostname="feliz.pongo - NOT-TIS-CON22.TISTECH.LAN" id="Test Suites/Jornal_Suite/Jornal_Rodar">
      <properties>
         <property name="deviceName" value=""/>
         <property name="devicePlatform" value=""/>
         <property name="logFolder" value="C:\\Users\\feliz.pongo\\git\\NEWPROJECT\\Reports\\20230415_162446\\Jornal_Suite\\Jornal_Rodar\\20230415_162446"/>
         <property name="logFiles" value="C:\\Users\\feliz.pongo\\git\\NEWPROJECT\\Reports\\20230415_162446\\Jornal_Suite\\Jornal_Rodar\\20230415_162446\\execution0.log"/>
         <property name="attachments" value=""/>
         <property name="hostName" value="feliz.pongo - NOT-TIS-CON22.TISTECH.LAN"/>
         <property name="os" value="Windows 10 64bit"/>
         <property name="katalonVersion" value="8.6.0.208"/>
         <property name="browser" value="Chrome 111.0.0.0"/>
         <property name="hostAddress" value="192.168.1.4"/>
         <property name="sessionId" value="db83e403d8006bec8cdf4ecb9635855f"/>
         <property name="seleniumVersion" value="3.141.59"/>
         <property name="proxyInformation" value="ProxyInformation { proxyOption=NO_PROXY, proxyServerType=HTTP, username=, password=********, proxyServerAddress=, proxyServerPort=0, executionList=&quot;&quot;, isApplyToDesiredCapabilities=true }"/>
         <property name="platform" value="Windows 10"/>
      </properties>
      <testcase name="Test Cases/Jornal TC/JornalPage" time="9.784" classname="Test Cases/Jornal TC/JornalPage" status="PASSED">
         <system-out><![CDATA[2023-04-15 16:24:48 - [TEST_CASE][PASSED] - Test Cases/Jornal TC/JornalPage: Test Cases/Jornal TC/JornalPage

2023-04-15 16:24:49 - [TEST_STEP][PASSED] - openBrowser("https://www.jornaldeangola.ao/ao/noticias/index.php?tipo=1&idSec=20"): Browser is opened with url: 'https://www.jornaldeangola.ao/ao/noticias/index.php?tipo=1&idSec=20'

2023-04-15 16:24:49 - [MESSAGE][INFO] - Starting 'Chrome' driver

2023-04-15 16:24:49 - [MESSAGE][INFO] - Action delay is set to 0 milliseconds

2023-04-15 16:24:58 - [MESSAGE][PASSED] - Browser is opened with url: 'https://www.jornaldeangola.ao/ao/noticias/index.php?tipo=1&idSec=20']]></system-out>
         <system-err><![CDATA[]]></system-err>
      </testcase>
      <system-out><![CDATA[2023-04-15 16:24:48 - [TEST_SUITE][PASSED] - Jornal_Rodar: Test Cases/Jornal TC/JornalPage]]></system-out>
      <system-err><![CDATA[]]></system-err>
   </testsuite>
</testsuites>
