<?xml version="1.0" encoding="UTF-8"?>
<testsuites name="Enviar2" time="13.03" tests="1" failures="0" errors="0">
   <testsuite name="Enviar2" tests="1" failures="0" errors="0" time="13.03" skipped="0" timestamp="2023-04-15 17:04:59" hostname="feliz.pongo - NOT-TIS-CON22.TISTECH.LAN" id="Test Suites/Envio_de_Email2/Enviar2">
      <properties>
         <property name="deviceName" value=""/>
         <property name="devicePlatform" value=""/>
         <property name="logFolder" value="C:\\Users\\feliz.pongo\\git\\NEWPROJECT\\Reports\\20230415_170454\\Envio_de_Email2\\Enviar2\\20230415_170455"/>
         <property name="logFiles" value="C:\\Users\\feliz.pongo\\git\\NEWPROJECT\\Reports\\20230415_170454\\Envio_de_Email2\\Enviar2\\20230415_170455\\execution0.log"/>
         <property name="attachments" value=""/>
         <property name="hostName" value="feliz.pongo - NOT-TIS-CON22.TISTECH.LAN"/>
         <property name="os" value="Windows 10 64bit"/>
         <property name="katalonVersion" value="8.6.0.208"/>
         <property name="browser" value="Chrome 111.0.0.0"/>
         <property name="hostAddress" value="192.168.1.4"/>
         <property name="sessionId" value="cf01e0b7821e4058e141a343b6592d8a"/>
         <property name="seleniumVersion" value="3.141.59"/>
         <property name="proxyInformation" value="ProxyInformation { proxyOption=NO_PROXY, proxyServerType=HTTP, username=, password=********, proxyServerAddress=, proxyServerPort=0, executionList=&quot;&quot;, isApplyToDesiredCapabilities=true }"/>
         <property name="platform" value="Windows 10"/>
      </properties>
      <testcase name="Test Cases/Email2/Inicial pag" time="12.847" classname="Test Cases/Email2/Inicial pag" status="PASSED">
         <system-out><![CDATA[2023-04-15 17:04:59 - [TEST_CASE][PASSED] - Test Cases/Email2/Inicial pag: Test Cases/Email2/Inicial pag

2023-04-15 17:04:59 - [TEST_STEP][PASSED] - openBrowser("https://mail.google.com/mail/u/0/#inbox"): Browser is opened with url: 'https://mail.google.com/mail/u/0/#inbox'

2023-04-15 17:04:59 - [MESSAGE][INFO] - Starting 'Chrome' driver

2023-04-15 17:04:59 - [MESSAGE][INFO] - Action delay is set to 0 milliseconds

2023-04-15 17:05:06 - [MESSAGE][PASSED] - Browser is opened with url: 'https://mail.google.com/mail/u/0/#inbox'

2023-04-15 17:05:06 - [TEST_STEP][PASSED] - sendKeys(findTestObject("Object Repository/EnviarEmail2/input_Continuar para o Gmail_identifier"), "felizpongo980@gmail.com"): Keys 'felizpongo980@gmail.com' sent to object: 'Object Repository/EnviarEmail2/input_Continuar para o Gmail_identifier'

2023-04-15 17:05:06 - [MESSAGE][PASSED] - Keys 'felizpongo980@gmail.com' sent to object: 'Object Repository/EnviarEmail2/input_Continuar para o Gmail_identifier'

2023-04-15 17:05:06 - [TEST_STEP][PASSED] - click(findTestObject("Object Repository/EnviarEmail2/span_Criar conta")): Object: 'Object Repository/EnviarEmail2/span_Criar conta' is clicked on

2023-04-15 17:05:07 - [MESSAGE][PASSED] - Object: 'Object Repository/EnviarEmail2/span_Criar conta' is clicked on

2023-04-15 17:05:07 - [TEST_STEP][PASSED] - click(findTestObject("Object Repository/EnviarEmail2/span_Para a minha utilizao pessoal")): Object: 'Object Repository/EnviarEmail2/span_Para a minha utilizao pessoal' is clicked on

2023-04-15 17:05:10 - [MESSAGE][PASSED] - Object: 'Object Repository/EnviarEmail2/span_Para a minha utilizao pessoal' is clicked on

2023-04-15 17:05:10 - [TEST_STEP][PASSED] - sendKeys(findTestObject("Object Repository/EnviarEmail2/input_Introduza o seu nome_firstName"), "Pedro"): Keys 'Pedro' sent to object: 'Object Repository/EnviarEmail2/input_Introduza o seu nome_firstName'

2023-04-15 17:05:11 - [MESSAGE][PASSED] - Keys 'Pedro' sent to object: 'Object Repository/EnviarEmail2/input_Introduza o seu nome_firstName'

2023-04-15 17:05:11 - [TEST_STEP][PASSED] - sendKeys(findTestObject("Object Repository/EnviarEmail2/input_Introduza o seu nome_lastName"), "Manuel"): Keys 'Manuel' sent to object: 'Object Repository/EnviarEmail2/input_Introduza o seu nome_lastName'

2023-04-15 17:05:12 - [MESSAGE][PASSED] - Keys 'Manuel' sent to object: 'Object Repository/EnviarEmail2/input_Introduza o seu nome_lastName']]></system-out>
         <system-err><![CDATA[]]></system-err>
      </testcase>
      <system-out><![CDATA[2023-04-15 17:04:59 - [TEST_SUITE][PASSED] - Enviar2: Test Cases/Email2/Inicial pag]]></system-out>
      <system-err><![CDATA[]]></system-err>
   </testsuite>
</testsuites>
