<?xml version="1.0" encoding="UTF-8"?>
<testsuites name="Enviar2" time="7.513" tests="1" failures="0" errors="0">
   <testsuite name="Enviar2" tests="1" failures="0" errors="0" time="7.513" skipped="0" timestamp="2023-04-13 15:43:58" hostname="feliz.pongo - NOT-TIS-CON22.TISTECH.LAN" id="Test Suites/Envio_de_Email2/Enviar2">
      <properties>
         <property name="deviceName" value=""/>
         <property name="devicePlatform" value=""/>
         <property name="logFolder" value="C:\\Users\\feliz.pongo\\git\\NEWPROJECT\\Reports\\20230413_154354\\Envio_de_Email2\\Enviar2\\20230413_154355"/>
         <property name="logFiles" value="C:\\Users\\feliz.pongo\\git\\NEWPROJECT\\Reports\\20230413_154354\\Envio_de_Email2\\Enviar2\\20230413_154355\\execution0.log"/>
         <property name="attachments" value=""/>
         <property name="hostName" value="feliz.pongo - NOT-TIS-CON22.TISTECH.LAN"/>
         <property name="os" value="Windows 10 64bit"/>
         <property name="katalonVersion" value="8.6.0.208"/>
         <property name="browser" value="Chrome 111.0.0.0"/>
         <property name="hostAddress" value="192.168.1.2"/>
         <property name="sessionId" value="8fbeced05c4abf4ec96e56d15724fdbf"/>
         <property name="seleniumVersion" value="3.141.59"/>
         <property name="proxyInformation" value="ProxyInformation { proxyOption=NO_PROXY, proxyServerType=HTTP, username=, password=********, proxyServerAddress=, proxyServerPort=0, executionList=&quot;&quot;, isApplyToDesiredCapabilities=true }"/>
         <property name="platform" value="Windows 10"/>
      </properties>
      <testcase name="Test Cases/Email2/Inicial pag" time="7.327" classname="Test Cases/Email2/Inicial pag" status="PASSED">
         <system-out><![CDATA[2023-04-13 15:43:58 - [TEST_CASE][PASSED] - Test Cases/Email2/Inicial pag: Test Cases/Email2/Inicial pag

2023-04-13 15:43:59 - [TEST_STEP][PASSED] - openBrowser("https://mail.google.com/mail/u/0/#inbox"): Browser is opened with url: 'https://mail.google.com/mail/u/0/#inbox'

2023-04-13 15:43:59 - [MESSAGE][INFO] - Starting 'Chrome' driver

2023-04-13 15:43:59 - [MESSAGE][INFO] - Action delay is set to 0 milliseconds

2023-04-13 15:44:04 - [MESSAGE][PASSED] - Browser is opened with url: 'https://mail.google.com/mail/u/0/#inbox'

2023-04-13 15:44:04 - [TEST_STEP][PASSED] - sendKeys(findTestObject("Object Repository/EnviarEmail2/input_Continuar para o Gmail_identifier"), "felizpongo980@gmail.com"): Keys 'felizpongo980@gmail.com' sent to object: 'Object Repository/EnviarEmail2/input_Continuar para o Gmail_identifier'

2023-04-13 15:44:04 - [MESSAGE][PASSED] - Keys 'felizpongo980@gmail.com' sent to object: 'Object Repository/EnviarEmail2/input_Continuar para o Gmail_identifier'

2023-04-13 15:44:04 - [TEST_STEP][PASSED] - click(findTestObject("Object Repository/EnviarEmail2/span_Criar conta")): Object: 'Object Repository/EnviarEmail2/span_Criar conta' is clicked on

2023-04-13 15:44:06 - [MESSAGE][PASSED] - Object: 'Object Repository/EnviarEmail2/span_Criar conta' is clicked on]]></system-out>
         <system-err><![CDATA[]]></system-err>
      </testcase>
      <system-out><![CDATA[2023-04-13 15:43:58 - [TEST_SUITE][PASSED] - Enviar2: Test Cases/Email2/Inicial pag]]></system-out>
      <system-err><![CDATA[]]></system-err>
   </testsuite>
</testsuites>
