<?xml version="1.0" encoding="UTF-8"?>
<testsuites name="Suite_Patrimonio" time="48.242" tests="2" failures="0" errors="0">
   <testsuite name="Suite_Patrimonio" tests="2" failures="0" errors="0" time="48.242" skipped="0" timestamp="2023-04-11 11:05:59" hostname="feliz.pongo - NOT-TIS-CON22.TISTECH.LAN" id="Test Suites/Suite_Patrimonio">
      <properties>
         <property name="deviceName" value=""/>
         <property name="devicePlatform" value=""/>
         <property name="logFolder" value="C:\\Users\\feliz.pongo\\git\\NEWPROJECT\\Reports\\20230411_110555\\Suite_Patrimonio\\20230411_110556"/>
         <property name="logFiles" value="C:\\Users\\feliz.pongo\\git\\NEWPROJECT\\Reports\\20230411_110555\\Suite_Patrimonio\\20230411_110556\\execution0.log"/>
         <property name="attachments" value=""/>
         <property name="hostName" value="feliz.pongo - NOT-TIS-CON22.TISTECH.LAN"/>
         <property name="os" value="Windows 10 64bit"/>
         <property name="katalonVersion" value="8.6.0.208"/>
         <property name="browser" value="Chrome 111.0.0.0"/>
         <property name="hostAddress" value="172.20.10.8"/>
         <property name="sessionId" value="97f2e41d8d14209bcc4666d7afba2c17"/>
         <property name="seleniumVersion" value="3.141.59"/>
         <property name="proxyInformation" value="ProxyInformation { proxyOption=NO_PROXY, proxyServerType=HTTP, username=, password=********, proxyServerAddress=, proxyServerPort=0, executionList=&quot;&quot;, isApplyToDesiredCapabilities=true }"/>
         <property name="platform" value="Windows 10"/>
      </properties>
      <testcase name="Test Cases/Loginfont TC/Log" time="12.029" classname="Test Cases/Loginfont TC/Log" status="PASSED">
         <system-out><![CDATA[2023-04-11 11:05:59 - [TEST_CASE][PASSED] - Test Cases/Loginfont TC/Log: Test Cases/Loginfont TC/Log

2023-04-11 11:06:00 - [TEST_STEP][PASSED] - openBrowser("http://10.129.105.196:7003/frontoffice/login"): Browser is opened with url: 'http://10.129.105.196:7003/frontoffice/login'

2023-04-11 11:06:00 - [MESSAGE][INFO] - Starting 'Chrome' driver

2023-04-11 11:06:00 - [MESSAGE][INFO] - Action delay is set to 0 milliseconds

2023-04-11 11:06:03 - [MESSAGE][PASSED] - Browser is opened with url: 'http://10.129.105.196:7003/frontoffice/login'

2023-04-11 11:06:03 - [TEST_STEP][PASSED] - sendKeys(findTestObject("Object Repository/Login/ID_utilizador"), "Patrimonio2RF"): Keys 'Patrimonio2RF' sent to object: 'Object Repository/Login/ID_utilizador'

2023-04-11 11:06:03 - [MESSAGE][PASSED] - Keys 'Patrimonio2RF' sent to object: 'Object Repository/Login/ID_utilizador'

2023-04-11 11:06:03 - [TEST_STEP][PASSED] - sendKeys(findTestObject("Object Repository/Login/input_Password_j_password"), "PAT2ref"): Keys 'PAT2ref' sent to object: 'Object Repository/Login/input_Password_j_password'

2023-04-11 11:06:04 - [MESSAGE][PASSED] - Keys 'PAT2ref' sent to object: 'Object Repository/Login/input_Password_j_password'

2023-04-11 11:06:04 - [TEST_STEP][PASSED] - click(findTestObject("Object Repository/Login/Iniciar_Sesso")): Object: 'Object Repository/Login/Iniciar_Sesso' is clicked on

2023-04-11 11:06:11 - [MESSAGE][PASSED] - Object: 'Object Repository/Login/Iniciar_Sesso' is clicked on]]></system-out>
         <system-err><![CDATA[]]></system-err>
      </testcase>
      <testcase name="Test Cases/Processo_Imovel TC/Submiss達o de Imovel" time="36.027" classname="Test Cases/Processo_Imovel TC/Submiss達o de Imovel" status="PASSED">
         <system-out><![CDATA[2023-04-11 11:06:11 - [TEST_CASE][PASSED] - Test Cases/Processo_Imovel TC/Submiss達o de Imovel: Test Cases/Processo_Imovel TC/Submiss達o de Imovel

2023-04-11 11:06:12 - [TEST_STEP][PASSED] - click(findTestObject("Object Repository/Processo_Sub_Imovel/span_Patrimnio")): Object: 'Object Repository/Processo_Sub_Imovel/span_Patrimnio' is clicked on

2023-04-11 11:06:12 - [MESSAGE][PASSED] - Object: 'Object Repository/Processo_Sub_Imovel/span_Patrimnio' is clicked on

2023-04-11 11:06:12 - [TEST_STEP][PASSED] - click(findTestObject("Object Repository/Processo_Sub_Imovel/span_Cadastro")): Object: 'Object Repository/Processo_Sub_Imovel/span_Cadastro' is clicked on

2023-04-11 11:06:13 - [MESSAGE][PASSED] - Object: 'Object Repository/Processo_Sub_Imovel/span_Cadastro' is clicked on

2023-04-11 11:06:13 - [TEST_STEP][PASSED] - click(findTestObject("Object Repository/Processo_Sub_Imovel/span_Prdio")): Object: 'Object Repository/Processo_Sub_Imovel/span_Prdio' is clicked on

2023-04-11 11:06:13 - [MESSAGE][PASSED] - Object: 'Object Repository/Processo_Sub_Imovel/span_Prdio' is clicked on

2023-04-11 11:06:13 - [TEST_STEP][PASSED] - click(findTestObject("Object Repository/Processo_Sub_Imovel/span_Urbano")): Object: 'Object Repository/Processo_Sub_Imovel/span_Urbano' is clicked on

2023-04-11 11:06:14 - [MESSAGE][PASSED] - Object: 'Object Repository/Processo_Sub_Imovel/span_Urbano' is clicked on

2023-04-11 11:06:14 - [TEST_STEP][PASSED] - click(findTestObject("Object Repository/Processo_Sub_Imovel/span_Propriedade Total")): Object: 'Object Repository/Processo_Sub_Imovel/span_Propriedade Total' is clicked on

2023-04-11 11:06:20 - [MESSAGE][PASSED] - Object: 'Object Repository/Processo_Sub_Imovel/span_Propriedade Total' is clicked on

2023-04-11 11:06:20 - [TEST_STEP][PASSED] - click(findTestObject("Object Repository/Processo_Sub_Imovel/div_REGIME JURDICO")): Object: 'Object Repository/Processo_Sub_Imovel/div_REGIME JURDICO' is clicked on

2023-04-11 11:06:20 - [MESSAGE][PASSED] - Object: 'Object Repository/Processo_Sub_Imovel/div_REGIME JURDICO' is clicked on

2023-04-11 11:06:20 - [TEST_STEP][PASSED] - click(findTestObject("Object Repository/Processo_Sub_Imovel/div_IDENTIFICAO DO DECLARANTE")): Object: 'Object Repository/Processo_Sub_Imovel/div_IDENTIFICAO DO DECLARANTE' is clicked on

2023-04-11 11:06:21 - [MESSAGE][PASSED] - Object: 'Object Repository/Processo_Sub_Imovel/div_IDENTIFICAO DO DECLARANTE' is clicked on

2023-04-11 11:06:21 - [TEST_STEP][PASSED] - click(findTestObject("Object Repository/Processo_Sub_Imovel/btn_loopa_Declarante")): Object: 'Object Repository/Processo_Sub_Imovel/btn_loopa_Declarante' is clicked on

2023-04-11 11:06:21 - [MESSAGE][PASSED] - Object: 'Object Repository/Processo_Sub_Imovel/btn_loopa_Declarante' is clicked on

2023-04-11 11:06:21 - [TEST_STEP][PASSED] - sendKeys(findTestObject("Object Repository/Processo_Sub_Imovel/input_Nome do Contribuinte_frmSearchNIFBranchedialogSearchNIF-nameInput"), "MARCOS"): Keys 'MARCOS' sent to object: 'Object Repository/Processo_Sub_Imovel/input_Nome do Contribuinte_frmSearchNIFBranchedialogSearchNIF-nameInput'

2023-04-11 11:06:23 - [MESSAGE][PASSED] - Keys 'MARCOS' sent to object: 'Object Repository/Processo_Sub_Imovel/input_Nome do Contribuinte_frmSearchNIFBranchedialogSearchNIF-nameInput'

2023-04-11 11:06:23 - [TEST_STEP][PASSED] - click(findTestObject("Object Repository/Processo_Sub_Imovel/span_Pesquisar")): Object: 'Object Repository/Processo_Sub_Imovel/span_Pesquisar' is clicked on

2023-04-11 11:06:24 - [MESSAGE][PASSED] - Object: 'Object Repository/Processo_Sub_Imovel/span_Pesquisar' is clicked on

2023-04-11 11:06:24 - [TEST_STEP][PASSED] - click(findTestObject("Object Repository/Processo_Sub_Imovel/td_ADHEMAR MARCOS")): Object: 'Object Repository/Processo_Sub_Imovel/td_ADHEMAR MARCOS' is clicked on

2023-04-11 11:06:28 - [MESSAGE][PASSED] - Object: 'Object Repository/Processo_Sub_Imovel/td_ADHEMAR MARCOS' is clicked on

2023-04-11 11:06:28 - [TEST_STEP][PASSED] - click(findTestObject("Object Repository/Processo_Sub_Imovel/na_qualidade_de")): Object: 'Object Repository/Processo_Sub_Imovel/na_qualidade_de' is clicked on

2023-04-11 11:06:32 - [MESSAGE][PASSED] - Object: 'Object Repository/Processo_Sub_Imovel/na_qualidade_de' is clicked on

2023-04-11 11:06:32 - [TEST_STEP][PASSED] - click(findTestObject("Object Repository/Processo_Sub_Imovel/li_Tcnico de Impostos")): Object: 'Object Repository/Processo_Sub_Imovel/li_Tcnico de Impostos' is clicked on

2023-04-11 11:06:32 - [MESSAGE][PASSED] - Object: 'Object Repository/Processo_Sub_Imovel/li_Tcnico de Impostos' is clicked on

2023-04-11 11:06:32 - [TEST_STEP][PASSED] - click(findTestObject("Object Repository/Processo_Sub_Imovel/div_IDENTIFICAO DO IMVEL")): Object: 'Object Repository/Processo_Sub_Imovel/div_IDENTIFICAO DO IMVEL' is clicked on

2023-04-11 11:06:34 - [MESSAGE][PASSED] - Object: 'Object Repository/Processo_Sub_Imovel/div_IDENTIFICAO DO IMVEL' is clicked on

2023-04-11 11:06:34 - [TEST_STEP][PASSED] - sendKeys(findTestObject("Object Repository/Processo_Sub_Imovel/input_Nome da Propriedade_frmPatrimonytvSuporteaccPrincipalpropertyName"), "TESTE"): Keys 'TESTE' sent to object: 'Object Repository/Processo_Sub_Imovel/input_Nome da Propriedade_frmPatrimonytvSuporteaccPrincipalpropertyName'

2023-04-11 11:06:34 - [MESSAGE][PASSED] - Keys 'TESTE' sent to object: 'Object Repository/Processo_Sub_Imovel/input_Nome da Propriedade_frmPatrimonytvSuporteaccPrincipalpropertyName'

2023-04-11 11:06:34 - [TEST_STEP][PASSED] - click(findTestObject("Object Repository/Processo_Sub_Imovel/deletar_Valor Declarado (Kz)_frmPatrimonytvSuporteaccPrincipaldeclaredValue_input")): Object: 'Object Repository/Processo_Sub_Imovel/deletar_Valor Declarado (Kz)_frmPatrimonytvSuporteaccPrincipaldeclaredValue_input' is clicked on

2023-04-11 11:06:35 - [MESSAGE][PASSED] - Object: 'Object Repository/Processo_Sub_Imovel/deletar_Valor Declarado (Kz)_frmPatrimonytvSuporteaccPrincipaldeclaredValue_input' is clicked on

2023-04-11 11:06:35 - [TEST_STEP][PASSED] - sendKeys(findTestObject("Object Repository/Processo_Sub_Imovel/Valor Declarado (Kz)_frmPatrimonytvSuporteaccPrincipaldeclaredValue_input"), "Keys.chord(Keys.BACK_SPACE"): Keys 'Keys.chord(Keys.BACK_SPACE' sent to object: 'Object Repository/Processo_Sub_Imovel/Valor Declarado (Kz)_frmPatrimonytvSuporteaccPrincipaldeclaredValue_input'

2023-04-11 11:06:35 - [MESSAGE][PASSED] - Keys 'Keys.chord(Keys.BACK_SPACE' sent to object: 'Object Repository/Processo_Sub_Imovel/Valor Declarado (Kz)_frmPatrimonytvSuporteaccPrincipaldeclaredValue_input'

2023-04-11 11:06:35 - [TEST_STEP][PASSED] - click(findTestObject("Object Repository/Processo_Sub_Imovel/div_IDENTIFICAO DE TITULARES")): Object: 'Object Repository/Processo_Sub_Imovel/div_IDENTIFICAO DE TITULARES' is clicked on

2023-04-11 11:06:36 - [MESSAGE][PASSED] - Object: 'Object Repository/Processo_Sub_Imovel/div_IDENTIFICAO DE TITULARES' is clicked on

2023-04-11 11:06:36 - [TEST_STEP][PASSED] - click(findTestObject("Object Repository/Processo_Sub_Imovel/span_Novo Titular")): Object: 'Object Repository/Processo_Sub_Imovel/span_Novo Titular' is clicked on

2023-04-11 11:06:36 - [MESSAGE][PASSED] - Object: 'Object Repository/Processo_Sub_Imovel/span_Novo Titular' is clicked on

2023-04-11 11:06:36 - [TEST_STEP][PASSED] - click(findTestObject("Object Repository/Processo_Sub_Imovel/titular_NIF_ui-button-icon-left ui-icon ui-c fa fa-search")): Object: 'Object Repository/Processo_Sub_Imovel/titular_NIF_ui-button-icon-left ui-icon ui-c fa fa-search' is clicked on

2023-04-11 11:06:38 - [MESSAGE][PASSED] - Object: 'Object Repository/Processo_Sub_Imovel/titular_NIF_ui-button-icon-left ui-icon ui-c fa fa-search' is clicked on

2023-04-11 11:06:38 - [TEST_STEP][PASSED] - sendKeys(findTestObject("Object Repository/Processo_Sub_Imovel/Nome_YURI do Contribuinte_frmSearchNIFBranchedialogSearchNIF-nameInput"), "YURI"): Keys 'YURI' sent to object: 'Object Repository/Processo_Sub_Imovel/Nome_YURI do Contribuinte_frmSearchNIFBranchedialogSearchNIF-nameInput'

2023-04-11 11:06:39 - [MESSAGE][PASSED] - Keys 'YURI' sent to object: 'Object Repository/Processo_Sub_Imovel/Nome_YURI do Contribuinte_frmSearchNIFBranchedialogSearchNIF-nameInput'

2023-04-11 11:06:39 - [TEST_STEP][PASSED] - click(findTestObject("Object Repository/Processo_Sub_Imovel/titular_Pesquisar")): Object: 'Object Repository/Processo_Sub_Imovel/titular_Pesquisar' is clicked on

2023-04-11 11:06:40 - [MESSAGE][PASSED] - Object: 'Object Repository/Processo_Sub_Imovel/titular_Pesquisar' is clicked on

2023-04-11 11:06:40 - [TEST_STEP][PASSED] - click(findTestObject("Object Repository/Processo_Sub_Imovel/td_ERNESTO YURI")): Object: 'Object Repository/Processo_Sub_Imovel/td_ERNESTO YURI' is clicked on

2023-04-11 11:06:41 - [MESSAGE][PASSED] - Object: 'Object Repository/Processo_Sub_Imovel/td_ERNESTO YURI' is clicked on

2023-04-11 11:06:41 - [TEST_STEP][PASSED] - click(findTestObject("Object Repository/Processo_Sub_Imovel/icone_responsavel")): Object: 'Object Repository/Processo_Sub_Imovel/icone_responsavel' is clicked on

2023-04-11 11:06:43 - [MESSAGE][PASSED] - Object: 'Object Repository/Processo_Sub_Imovel/icone_responsavel' is clicked on

2023-04-11 11:06:43 - [TEST_STEP][PASSED] - click(findTestObject("Object Repository/Processo_Sub_Imovel/tipo_direito")): Object: 'Object Repository/Processo_Sub_Imovel/tipo_direito' is clicked on

2023-04-11 11:06:44 - [MESSAGE][PASSED] - Object: 'Object Repository/Processo_Sub_Imovel/tipo_direito' is clicked on

2023-04-11 11:06:45 - [TEST_STEP][PASSED] - click(findTestObject("Object Repository/Processo_Sub_Imovel/titular_Proprietrio")): Object: 'Object Repository/Processo_Sub_Imovel/titular_Proprietrio' is clicked on

2023-04-11 11:06:45 - [MESSAGE][PASSED] - Object: 'Object Repository/Processo_Sub_Imovel/titular_Proprietrio' is clicked on

2023-04-11 11:06:45 - [TEST_STEP][PASSED] - click(findTestObject("Object Repository/Processo_Sub_Imovel/titular_Adicionar")): Object: 'Object Repository/Processo_Sub_Imovel/titular_Adicionar' is clicked on

2023-04-11 11:06:46 - [MESSAGE][PASSED] - Object: 'Object Repository/Processo_Sub_Imovel/titular_Adicionar' is clicked on

2023-04-11 11:06:46 - [TEST_STEP][PASSED] - click(findTestObject("Object Repository/Processo_Sub_Imovel/div_ISENO")): Object: 'Object Repository/Processo_Sub_Imovel/div_ISENO' is clicked on

2023-04-11 11:06:47 - [MESSAGE][PASSED] - Object: 'Object Repository/Processo_Sub_Imovel/div_ISENO' is clicked on]]></system-out>
         <system-err><![CDATA[]]></system-err>
      </testcase>
      <system-out><![CDATA[2023-04-11 11:05:59 - [TEST_SUITE][PASSED] - Suite_Patrimonio: Test Cases/Processo_Imovel TC/Submiss達o de Imovel]]></system-out>
      <system-err><![CDATA[]]></system-err>
   </testsuite>
</testsuites>
